The system is: Linux - 5.4.56.bsk.9-amd64 - x86_64
Compiling the C compiler identification source file "CMakeCCompilerId.c" succeeded.
Compiler: /usr/bin/cc 
Build flags: 
Id flags:  

The output was:
0


Compilation of the C compiler identification source "CMakeCCompilerId.c" produced "a.out"

The C compiler identification is GNU, found in "/home/tiger/Workspace/HashKV/build/CMakeFiles/3.13.4/CompilerIdC/a.out"

Compiling the CXX compiler identification source file "CMakeCXXCompilerId.cpp" succeeded.
Compiler: /usr/bin/c++ 
Build flags: 
Id flags:  

The output was:
0


Compilation of the CXX compiler identification source "CMakeCXXCompilerId.cpp" produced "a.out"

The CXX compiler identification is GNU, found in "/home/tiger/Workspace/HashKV/build/CMakeFiles/3.13.4/CompilerIdCXX/a.out"

Determining if the C compiler works passed with the following output:
Change Dir: /home/tiger/Workspace/HashKV/build/CMakeFiles/CMakeTmp

Run Build Command:"/usr/bin/make" "cmTC_564e0/fast"
/usr/bin/make -f CMakeFiles/cmTC_564e0.dir/build.make CMakeFiles/cmTC_564e0.dir/build
make[1]: Entering directory '/home/tiger/Workspace/HashKV/build/CMakeFiles/CMakeTmp'
Building C object CMakeFiles/cmTC_564e0.dir/testCCompiler.c.o
/usr/bin/cc    -o CMakeFiles/cmTC_564e0.dir/testCCompiler.c.o   -c /home/tiger/Workspace/HashKV/build/CMakeFiles/CMakeTmp/testCCompiler.c
Linking C executable cmTC_564e0
/usr/bin/cmake -E cmake_link_script CMakeFiles/cmTC_564e0.dir/link.txt --verbose=1
/usr/bin/cc      CMakeFiles/cmTC_564e0.dir/testCCompiler.c.o  -o cmTC_564e0 
make[1]: Leaving directory '/home/tiger/Workspace/HashKV/build/CMakeFiles/CMakeTmp'


Detecting C compiler ABI info compiled with the following output:
Change Dir: /home/tiger/Workspace/HashKV/build/CMakeFiles/CMakeTmp

Run Build Command:"/usr/bin/make" "cmTC_5c4d7/fast"
/usr/bin/make -f CMakeFiles/cmTC_5c4d7.dir/build.make CMakeFiles/cmTC_5c4d7.dir/build
make[1]: Entering directory '/home/tiger/Workspace/HashKV/build/CMakeFiles/CMakeTmp'
Building C object CMakeFiles/cmTC_5c4d7.dir/CMakeCCompilerABI.c.o
/usr/bin/cc    -o CMakeFiles/cmTC_5c4d7.dir/CMakeCCompilerABI.c.o   -c /usr/share/cmake-3.13/Modules/CMakeCCompilerABI.c
Linking C executable cmTC_5c4d7
/usr/bin/cmake -E cmake_link_script CMakeFiles/cmTC_5c4d7.dir/link.txt --verbose=1
/usr/bin/cc     -v CMakeFiles/cmTC_5c4d7.dir/CMakeCCompilerABI.c.o  -o cmTC_5c4d7 
Using built-in specs.
COLLECT_GCC=/usr/bin/cc
COLLECT_LTO_WRAPPER=/usr/lib/gcc/x86_64-linux-gnu/8/lto-wrapper
OFFLOAD_TARGET_NAMES=nvptx-none
OFFLOAD_TARGET_DEFAULT=1
Target: x86_64-linux-gnu
Configured with: ../src/configure -v --with-pkgversion='Debian 8.3.0-6' --with-bugurl=file:///usr/share/doc/gcc-8/README.Bugs --enable-languages=c,ada,c++,go,brig,d,fortran,objc,obj-c++ --prefix=/usr --with-gcc-major-version-only --program-suffix=-8 --program-prefix=x86_64-linux-gnu- --enable-shared --enable-linker-build-id --libexecdir=/usr/lib --without-included-gettext --enable-threads=posix --libdir=/usr/lib --enable-nls --enable-bootstrap --enable-clocale=gnu --enable-libstdcxx-debug --enable-libstdcxx-time=yes --with-default-libstdcxx-abi=new --enable-gnu-unique-object --disable-vtable-verify --enable-libmpx --enable-plugin --enable-default-pie --with-system-zlib --with-target-system-zlib --enable-objc-gc=auto --enable-multiarch --disable-werror --with-arch-32=i686 --with-abi=m64 --with-multilib-list=m32,m64,mx32 --enable-multilib --with-tune=generic --enable-offload-targets=nvptx-none --without-cuda-driver --enable-checking=release --build=x86_64-linux-gnu --host=x86_64-linux-gnu --target=x86_64-linux-gnu
Thread model: posix
gcc version 8.3.0 (Debian 8.3.0-6) 
COMPILER_PATH=/usr/lib/gcc/x86_64-linux-gnu/8/:/usr/lib/gcc/x86_64-linux-gnu/8/:/usr/lib/gcc/x86_64-linux-gnu/:/usr/lib/gcc/x86_64-linux-gnu/8/:/usr/lib/gcc/x86_64-linux-gnu/
LIBRARY_PATH=/usr/lib/gcc/x86_64-linux-gnu/8/:/usr/lib/gcc/x86_64-linux-gnu/8/../../../x86_64-linux-gnu/:/usr/lib/gcc/x86_64-linux-gnu/8/../../../../lib/:/lib/x86_64-linux-gnu/:/lib/../lib/:/usr/lib/x86_64-linux-gnu/:/usr/lib/../lib/:/usr/lib/gcc/x86_64-linux-gnu/8/../../../:/lib/:/usr/lib/
COLLECT_GCC_OPTIONS='-v' '-o' 'cmTC_5c4d7' '-mtune=generic' '-march=x86-64'
 /usr/lib/gcc/x86_64-linux-gnu/8/collect2 -plugin /usr/lib/gcc/x86_64-linux-gnu/8/liblto_plugin.so -plugin-opt=/usr/lib/gcc/x86_64-linux-gnu/8/lto-wrapper -plugin-opt=-fresolution=/tmp/ccuGrNYC.res -plugin-opt=-pass-through=-lgcc -plugin-opt=-pass-through=-lgcc_s -plugin-opt=-pass-through=-lc -plugin-opt=-pass-through=-lgcc -plugin-opt=-pass-through=-lgcc_s --build-id --eh-frame-hdr -m elf_x86_64 --hash-style=gnu -dynamic-linker /lib64/ld-linux-x86-64.so.2 -pie -o cmTC_5c4d7 /usr/lib/gcc/x86_64-linux-gnu/8/../../../x86_64-linux-gnu/Scrt1.o /usr/lib/gcc/x86_64-linux-gnu/8/../../../x86_64-linux-gnu/crti.o /usr/lib/gcc/x86_64-linux-gnu/8/crtbeginS.o -L/usr/lib/gcc/x86_64-linux-gnu/8 -L/usr/lib/gcc/x86_64-linux-gnu/8/../../../x86_64-linux-gnu -L/usr/lib/gcc/x86_64-linux-gnu/8/../../../../lib -L/lib/x86_64-linux-gnu -L/lib/../lib -L/usr/lib/x86_64-linux-gnu -L/usr/lib/../lib -L/usr/lib/gcc/x86_64-linux-gnu/8/../../.. CMakeFiles/cmTC_5c4d7.dir/CMakeCCompilerABI.c.o -lgcc --push-state --as-needed -lgcc_s --pop-state -lc -lgcc --push-state --as-needed -lgcc_s --pop-state /usr/lib/gcc/x86_64-linux-gnu/8/crtendS.o /usr/lib/gcc/x86_64-linux-gnu/8/../../../x86_64-linux-gnu/crtn.o
COLLECT_GCC_OPTIONS='-v' '-o' 'cmTC_5c4d7' '-mtune=generic' '-march=x86-64'
make[1]: Leaving directory '/home/tiger/Workspace/HashKV/build/CMakeFiles/CMakeTmp'


Parsed C implicit link information from above output:
  link line regex: [^( *|.*[/\])(ld|CMAKE_LINK_STARTFILE-NOTFOUND|([^/\]+-)?ld|collect2)[^/\]*( |$)]
  ignore line: [Change Dir: /home/tiger/Workspace/HashKV/build/CMakeFiles/CMakeTmp]
  ignore line: []
  ignore line: [Run Build Command:"/usr/bin/make" "cmTC_5c4d7/fast"]
  ignore line: [/usr/bin/make -f CMakeFiles/cmTC_5c4d7.dir/build.make CMakeFiles/cmTC_5c4d7.dir/build]
  ignore line: [make[1]: Entering directory '/home/tiger/Workspace/HashKV/build/CMakeFiles/CMakeTmp']
  ignore line: [Building C object CMakeFiles/cmTC_5c4d7.dir/CMakeCCompilerABI.c.o]
  ignore line: [/usr/bin/cc    -o CMakeFiles/cmTC_5c4d7.dir/CMakeCCompilerABI.c.o   -c /usr/share/cmake-3.13/Modules/CMakeCCompilerABI.c]
  ignore line: [Linking C executable cmTC_5c4d7]
  ignore line: [/usr/bin/cmake -E cmake_link_script CMakeFiles/cmTC_5c4d7.dir/link.txt --verbose=1]
  ignore line: [/usr/bin/cc     -v CMakeFiles/cmTC_5c4d7.dir/CMakeCCompilerABI.c.o  -o cmTC_5c4d7 ]
  ignore line: [Using built-in specs.]
  ignore line: [COLLECT_GCC=/usr/bin/cc]
  ignore line: [COLLECT_LTO_WRAPPER=/usr/lib/gcc/x86_64-linux-gnu/8/lto-wrapper]
  ignore line: [OFFLOAD_TARGET_NAMES=nvptx-none]
  ignore line: [OFFLOAD_TARGET_DEFAULT=1]
  ignore line: [Target: x86_64-linux-gnu]
  ignore line: [Configured with: ../src/configure -v --with-pkgversion='Debian 8.3.0-6' --with-bugurl=file:///usr/share/doc/gcc-8/README.Bugs --enable-languages=c,ada,c++,go,brig,d,fortran,objc,obj-c++ --prefix=/usr --with-gcc-major-version-only --program-suffix=-8 --program-prefix=x86_64-linux-gnu- --enable-shared --enable-linker-build-id --libexecdir=/usr/lib --without-included-gettext --enable-threads=posix --libdir=/usr/lib --enable-nls --enable-bootstrap --enable-clocale=gnu --enable-libstdcxx-debug --enable-libstdcxx-time=yes --with-default-libstdcxx-abi=new --enable-gnu-unique-object --disable-vtable-verify --enable-libmpx --enable-plugin --enable-default-pie --with-system-zlib --with-target-system-zlib --enable-objc-gc=auto --enable-multiarch --disable-werror --with-arch-32=i686 --with-abi=m64 --with-multilib-list=m32,m64,mx32 --enable-multilib --with-tune=generic --enable-offload-targets=nvptx-none --without-cuda-driver --enable-checking=release --build=x86_64-linux-gnu --host=x86_64-linux-gnu --target=x86_64-linux-gnu]
  ignore line: [Thread model: posix]
  ignore line: [gcc version 8.3.0 (Debian 8.3.0-6) ]
  ignore line: [COMPILER_PATH=/usr/lib/gcc/x86_64-linux-gnu/8/:/usr/lib/gcc/x86_64-linux-gnu/8/:/usr/lib/gcc/x86_64-linux-gnu/:/usr/lib/gcc/x86_64-linux-gnu/8/:/usr/lib/gcc/x86_64-linux-gnu/]
  ignore line: [LIBRARY_PATH=/usr/lib/gcc/x86_64-linux-gnu/8/:/usr/lib/gcc/x86_64-linux-gnu/8/../../../x86_64-linux-gnu/:/usr/lib/gcc/x86_64-linux-gnu/8/../../../../lib/:/lib/x86_64-linux-gnu/:/lib/../lib/:/usr/lib/x86_64-linux-gnu/:/usr/lib/../lib/:/usr/lib/gcc/x86_64-linux-gnu/8/../../../:/lib/:/usr/lib/]
  ignore line: [COLLECT_GCC_OPTIONS='-v' '-o' 'cmTC_5c4d7' '-mtune=generic' '-march=x86-64']
  link line: [ /usr/lib/gcc/x86_64-linux-gnu/8/collect2 -plugin /usr/lib/gcc/x86_64-linux-gnu/8/liblto_plugin.so -plugin-opt=/usr/lib/gcc/x86_64-linux-gnu/8/lto-wrapper -plugin-opt=-fresolution=/tmp/ccuGrNYC.res -plugin-opt=-pass-through=-lgcc -plugin-opt=-pass-through=-lgcc_s -plugin-opt=-pass-through=-lc -plugin-opt=-pass-through=-lgcc -plugin-opt=-pass-through=-lgcc_s --build-id --eh-frame-hdr -m elf_x86_64 --hash-style=gnu -dynamic-linker /lib64/ld-linux-x86-64.so.2 -pie -o cmTC_5c4d7 /usr/lib/gcc/x86_64-linux-gnu/8/../../../x86_64-linux-gnu/Scrt1.o /usr/lib/gcc/x86_64-linux-gnu/8/../../../x86_64-linux-gnu/crti.o /usr/lib/gcc/x86_64-linux-gnu/8/crtbeginS.o -L/usr/lib/gcc/x86_64-linux-gnu/8 -L/usr/lib/gcc/x86_64-linux-gnu/8/../../../x86_64-linux-gnu -L/usr/lib/gcc/x86_64-linux-gnu/8/../../../../lib -L/lib/x86_64-linux-gnu -L/lib/../lib -L/usr/lib/x86_64-linux-gnu -L/usr/lib/../lib -L/usr/lib/gcc/x86_64-linux-gnu/8/../../.. CMakeFiles/cmTC_5c4d7.dir/CMakeCCompilerABI.c.o -lgcc --push-state --as-needed -lgcc_s --pop-state -lc -lgcc --push-state --as-needed -lgcc_s --pop-state /usr/lib/gcc/x86_64-linux-gnu/8/crtendS.o /usr/lib/gcc/x86_64-linux-gnu/8/../../../x86_64-linux-gnu/crtn.o]
    arg [/usr/lib/gcc/x86_64-linux-gnu/8/collect2] ==> ignore
    arg [-plugin] ==> ignore
    arg [/usr/lib/gcc/x86_64-linux-gnu/8/liblto_plugin.so] ==> ignore
    arg [-plugin-opt=/usr/lib/gcc/x86_64-linux-gnu/8/lto-wrapper] ==> ignore
    arg [-plugin-opt=-fresolution=/tmp/ccuGrNYC.res] ==> ignore
    arg [-plugin-opt=-pass-through=-lgcc] ==> ignore
    arg [-plugin-opt=-pass-through=-lgcc_s] ==> ignore
    arg [-plugin-opt=-pass-through=-lc] ==> ignore
    arg [-plugin-opt=-pass-through=-lgcc] ==> ignore
    arg [-plugin-opt=-pass-through=-lgcc_s] ==> ignore
    arg [--build-id] ==> ignore
    arg [--eh-frame-hdr] ==> ignore
    arg [-m] ==> ignore
    arg [elf_x86_64] ==> ignore
    arg [--hash-style=gnu] ==> ignore
    arg [-dynamic-linker] ==> ignore
    arg [/lib64/ld-linux-x86-64.so.2] ==> ignore
    arg [-pie] ==> ignore
    arg [-o] ==> ignore
    arg [cmTC_5c4d7] ==> ignore
    arg [/usr/lib/gcc/x86_64-linux-gnu/8/../../../x86_64-linux-gnu/Scrt1.o] ==> ignore
    arg [/usr/lib/gcc/x86_64-linux-gnu/8/../../../x86_64-linux-gnu/crti.o] ==> ignore
    arg [/usr/lib/gcc/x86_64-linux-gnu/8/crtbeginS.o] ==> ignore
    arg [-L/usr/lib/gcc/x86_64-linux-gnu/8] ==> dir [/usr/lib/gcc/x86_64-linux-gnu/8]
    arg [-L/usr/lib/gcc/x86_64-linux-gnu/8/../../../x86_64-linux-gnu] ==> dir [/usr/lib/gcc/x86_64-linux-gnu/8/../../../x86_64-linux-gnu]
    arg [-L/usr/lib/gcc/x86_64-linux-gnu/8/../../../../lib] ==> dir [/usr/lib/gcc/x86_64-linux-gnu/8/../../../../lib]
    arg [-L/lib/x86_64-linux-gnu] ==> dir [/lib/x86_64-linux-gnu]
    arg [-L/lib/../lib] ==> dir [/lib/../lib]
    arg [-L/usr/lib/x86_64-linux-gnu] ==> dir [/usr/lib/x86_64-linux-gnu]
    arg [-L/usr/lib/../lib] ==> dir [/usr/lib/../lib]
    arg [-L/usr/lib/gcc/x86_64-linux-gnu/8/../../..] ==> dir [/usr/lib/gcc/x86_64-linux-gnu/8/../../..]
    arg [CMakeFiles/cmTC_5c4d7.dir/CMakeCCompilerABI.c.o] ==> ignore
    arg [-lgcc] ==> lib [gcc]
    arg [--push-state] ==> ignore
    arg [--as-needed] ==> ignore
    arg [-lgcc_s] ==> lib [gcc_s]
    arg [--pop-state] ==> ignore
    arg [-lc] ==> lib [c]
    arg [-lgcc] ==> lib [gcc]
    arg [--push-state] ==> ignore
    arg [--as-needed] ==> ignore
    arg [-lgcc_s] ==> lib [gcc_s]
    arg [--pop-state] ==> ignore
    arg [/usr/lib/gcc/x86_64-linux-gnu/8/crtendS.o] ==> ignore
    arg [/usr/lib/gcc/x86_64-linux-gnu/8/../../../x86_64-linux-gnu/crtn.o] ==> ignore
  collapse library dir [/usr/lib/gcc/x86_64-linux-gnu/8] ==> [/usr/lib/gcc/x86_64-linux-gnu/8]
  collapse library dir [/usr/lib/gcc/x86_64-linux-gnu/8/../../../x86_64-linux-gnu] ==> [/usr/lib/x86_64-linux-gnu]
  collapse library dir [/usr/lib/gcc/x86_64-linux-gnu/8/../../../../lib] ==> [/usr/lib]
  collapse library dir [/lib/x86_64-linux-gnu] ==> [/lib/x86_64-linux-gnu]
  collapse library dir [/lib/../lib] ==> [/lib]
  collapse library dir [/usr/lib/x86_64-linux-gnu] ==> [/usr/lib/x86_64-linux-gnu]
  collapse library dir [/usr/lib/../lib] ==> [/usr/lib]
  collapse library dir [/usr/lib/gcc/x86_64-linux-gnu/8/../../..] ==> [/usr/lib]
  implicit libs: [gcc;gcc_s;c;gcc;gcc_s]
  implicit dirs: [/usr/lib/gcc/x86_64-linux-gnu/8;/usr/lib/x86_64-linux-gnu;/usr/lib;/lib/x86_64-linux-gnu;/lib]
  implicit fwks: []




Detecting C [-std=c11] compiler features compiled with the following output:
Change Dir: /home/tiger/Workspace/HashKV/build/CMakeFiles/CMakeTmp

Run Build Command:"/usr/bin/make" "cmTC_681cd/fast"
/usr/bin/make -f CMakeFiles/cmTC_681cd.dir/build.make CMakeFiles/cmTC_681cd.dir/build
make[1]: Entering directory '/home/tiger/Workspace/HashKV/build/CMakeFiles/CMakeTmp'
Building C object CMakeFiles/cmTC_681cd.dir/feature_tests.c.o
/usr/bin/cc   -std=c11 -o CMakeFiles/cmTC_681cd.dir/feature_tests.c.o   -c /home/tiger/Workspace/HashKV/build/CMakeFiles/feature_tests.c
Linking C executable cmTC_681cd
/usr/bin/cmake -E cmake_link_script CMakeFiles/cmTC_681cd.dir/link.txt --verbose=1
/usr/bin/cc      CMakeFiles/cmTC_681cd.dir/feature_tests.c.o  -o cmTC_681cd 
make[1]: Leaving directory '/home/tiger/Workspace/HashKV/build/CMakeFiles/CMakeTmp'


    Feature record: C_FEATURE:1c_function_prototypes
    Feature record: C_FEATURE:1c_restrict
    Feature record: C_FEATURE:1c_static_assert
    Feature record: C_FEATURE:1c_variadic_macros


Detecting C [-std=c99] compiler features compiled with the following output:
Change Dir: /home/tiger/Workspace/HashKV/build/CMakeFiles/CMakeTmp

Run Build Command:"/usr/bin/make" "cmTC_6eda5/fast"
/usr/bin/make -f CMakeFiles/cmTC_6eda5.dir/build.make CMakeFiles/cmTC_6eda5.dir/build
make[1]: Entering directory '/home/tiger/Workspace/HashKV/build/CMakeFiles/CMakeTmp'
Building C object CMakeFiles/cmTC_6eda5.dir/feature_tests.c.o
/usr/bin/cc   -std=c99 -o CMakeFiles/cmTC_6eda5.dir/feature_tests.c.o   -c /home/tiger/Workspace/HashKV/build/CMakeFiles/feature_tests.c
Linking C executable cmTC_6eda5
/usr/bin/cmake -E cmake_link_script CMakeFiles/cmTC_6eda5.dir/link.txt --verbose=1
/usr/bin/cc      CMakeFiles/cmTC_6eda5.dir/feature_tests.c.o  -o cmTC_6eda5 
make[1]: Leaving directory '/home/tiger/Workspace/HashKV/build/CMakeFiles/CMakeTmp'


    Feature record: C_FEATURE:1c_function_prototypes
    Feature record: C_FEATURE:1c_restrict
    Feature record: C_FEATURE:0c_static_assert
    Feature record: C_FEATURE:1c_variadic_macros


Detecting C [-std=c90] compiler features compiled with the following output:
Change Dir: /home/tiger/Workspace/HashKV/build/CMakeFiles/CMakeTmp

Run Build Command:"/usr/bin/make" "cmTC_eab7a/fast"
/usr/bin/make -f CMakeFiles/cmTC_eab7a.dir/build.make CMakeFiles/cmTC_eab7a.dir/build
make[1]: Entering directory '/home/tiger/Workspace/HashKV/build/CMakeFiles/CMakeTmp'
Building C object CMakeFiles/cmTC_eab7a.dir/feature_tests.c.o
/usr/bin/cc   -std=c90 -o CMakeFiles/cmTC_eab7a.dir/feature_tests.c.o   -c /home/tiger/Workspace/HashKV/build/CMakeFiles/feature_tests.c
Linking C executable cmTC_eab7a
/usr/bin/cmake -E cmake_link_script CMakeFiles/cmTC_eab7a.dir/link.txt --verbose=1
/usr/bin/cc      CMakeFiles/cmTC_eab7a.dir/feature_tests.c.o  -o cmTC_eab7a 
make[1]: Leaving directory '/home/tiger/Workspace/HashKV/build/CMakeFiles/CMakeTmp'


    Feature record: C_FEATURE:1c_function_prototypes
    Feature record: C_FEATURE:0c_restrict
    Feature record: C_FEATURE:0c_static_assert
    Feature record: C_FEATURE:0c_variadic_macros
Determining if the CXX compiler works passed with the following output:
Change Dir: /home/tiger/Workspace/HashKV/build/CMakeFiles/CMakeTmp

Run Build Command:"/usr/bin/make" "cmTC_27af7/fast"
/usr/bin/make -f CMakeFiles/cmTC_27af7.dir/build.make CMakeFiles/cmTC_27af7.dir/build
make[1]: Entering directory '/home/tiger/Workspace/HashKV/build/CMakeFiles/CMakeTmp'
Building CXX object CMakeFiles/cmTC_27af7.dir/testCXXCompiler.cxx.o
/usr/bin/c++     -o CMakeFiles/cmTC_27af7.dir/testCXXCompiler.cxx.o -c /home/tiger/Workspace/HashKV/build/CMakeFiles/CMakeTmp/testCXXCompiler.cxx
Linking CXX executable cmTC_27af7
/usr/bin/cmake -E cmake_link_script CMakeFiles/cmTC_27af7.dir/link.txt --verbose=1
/usr/bin/c++       CMakeFiles/cmTC_27af7.dir/testCXXCompiler.cxx.o  -o cmTC_27af7 
make[1]: Leaving directory '/home/tiger/Workspace/HashKV/build/CMakeFiles/CMakeTmp'


Detecting CXX compiler ABI info compiled with the following output:
Change Dir: /home/tiger/Workspace/HashKV/build/CMakeFiles/CMakeTmp

Run Build Command:"/usr/bin/make" "cmTC_a14aa/fast"
/usr/bin/make -f CMakeFiles/cmTC_a14aa.dir/build.make CMakeFiles/cmTC_a14aa.dir/build
make[1]: Entering directory '/home/tiger/Workspace/HashKV/build/CMakeFiles/CMakeTmp'
Building CXX object CMakeFiles/cmTC_a14aa.dir/CMakeCXXCompilerABI.cpp.o
/usr/bin/c++     -o CMakeFiles/cmTC_a14aa.dir/CMakeCXXCompilerABI.cpp.o -c /usr/share/cmake-3.13/Modules/CMakeCXXCompilerABI.cpp
Linking CXX executable cmTC_a14aa
/usr/bin/cmake -E cmake_link_script CMakeFiles/cmTC_a14aa.dir/link.txt --verbose=1
/usr/bin/c++      -v CMakeFiles/cmTC_a14aa.dir/CMakeCXXCompilerABI.cpp.o  -o cmTC_a14aa 
Using built-in specs.
COLLECT_GCC=/usr/bin/c++
COLLECT_LTO_WRAPPER=/usr/lib/gcc/x86_64-linux-gnu/8/lto-wrapper
OFFLOAD_TARGET_NAMES=nvptx-none
OFFLOAD_TARGET_DEFAULT=1
Target: x86_64-linux-gnu
Configured with: ../src/configure -v --with-pkgversion='Debian 8.3.0-6' --with-bugurl=file:///usr/share/doc/gcc-8/README.Bugs --enable-languages=c,ada,c++,go,brig,d,fortran,objc,obj-c++ --prefix=/usr --with-gcc-major-version-only --program-suffix=-8 --program-prefix=x86_64-linux-gnu- --enable-shared --enable-linker-build-id --libexecdir=/usr/lib --without-included-gettext --enable-threads=posix --libdir=/usr/lib --enable-nls --enable-bootstrap --enable-clocale=gnu --enable-libstdcxx-debug --enable-libstdcxx-time=yes --with-default-libstdcxx-abi=new --enable-gnu-unique-object --disable-vtable-verify --enable-libmpx --enable-plugin --enable-default-pie --with-system-zlib --with-target-system-zlib --enable-objc-gc=auto --enable-multiarch --disable-werror --with-arch-32=i686 --with-abi=m64 --with-multilib-list=m32,m64,mx32 --enable-multilib --with-tune=generic --enable-offload-targets=nvptx-none --without-cuda-driver --enable-checking=release --build=x86_64-linux-gnu --host=x86_64-linux-gnu --target=x86_64-linux-gnu
Thread model: posix
gcc version 8.3.0 (Debian 8.3.0-6) 
COMPILER_PATH=/usr/lib/gcc/x86_64-linux-gnu/8/:/usr/lib/gcc/x86_64-linux-gnu/8/:/usr/lib/gcc/x86_64-linux-gnu/:/usr/lib/gcc/x86_64-linux-gnu/8/:/usr/lib/gcc/x86_64-linux-gnu/
LIBRARY_PATH=/usr/lib/gcc/x86_64-linux-gnu/8/:/usr/lib/gcc/x86_64-linux-gnu/8/../../../x86_64-linux-gnu/:/usr/lib/gcc/x86_64-linux-gnu/8/../../../../lib/:/lib/x86_64-linux-gnu/:/lib/../lib/:/usr/lib/x86_64-linux-gnu/:/usr/lib/../lib/:/usr/lib/gcc/x86_64-linux-gnu/8/../../../:/lib/:/usr/lib/
COLLECT_GCC_OPTIONS='-v' '-o' 'cmTC_a14aa' '-shared-libgcc' '-mtune=generic' '-march=x86-64'
 /usr/lib/gcc/x86_64-linux-gnu/8/collect2 -plugin /usr/lib/gcc/x86_64-linux-gnu/8/liblto_plugin.so -plugin-opt=/usr/lib/gcc/x86_64-linux-gnu/8/lto-wrapper -plugin-opt=-fresolution=/tmp/ccwabiF2.res -plugin-opt=-pass-through=-lgcc_s -plugin-opt=-pass-through=-lgcc -plugin-opt=-pass-through=-lc -plugin-opt=-pass-through=-lgcc_s -plugin-opt=-pass-through=-lgcc --build-id --eh-frame-hdr -m elf_x86_64 --hash-style=gnu -dynamic-linker /lib64/ld-linux-x86-64.so.2 -pie -o cmTC_a14aa /usr/lib/gcc/x86_64-linux-gnu/8/../../../x86_64-linux-gnu/Scrt1.o /usr/lib/gcc/x86_64-linux-gnu/8/../../../x86_64-linux-gnu/crti.o /usr/lib/gcc/x86_64-linux-gnu/8/crtbeginS.o -L/usr/lib/gcc/x86_64-linux-gnu/8 -L/usr/lib/gcc/x86_64-linux-gnu/8/../../../x86_64-linux-gnu -L/usr/lib/gcc/x86_64-linux-gnu/8/../../../../lib -L/lib/x86_64-linux-gnu -L/lib/../lib -L/usr/lib/x86_64-linux-gnu -L/usr/lib/../lib -L/usr/lib/gcc/x86_64-linux-gnu/8/../../.. CMakeFiles/cmTC_a14aa.dir/CMakeCXXCompilerABI.cpp.o -lstdc++ -lm -lgcc_s -lgcc -lc -lgcc_s -lgcc /usr/lib/gcc/x86_64-linux-gnu/8/crtendS.o /usr/lib/gcc/x86_64-linux-gnu/8/../../../x86_64-linux-gnu/crtn.o
COLLECT_GCC_OPTIONS='-v' '-o' 'cmTC_a14aa' '-shared-libgcc' '-mtune=generic' '-march=x86-64'
make[1]: Leaving directory '/home/tiger/Workspace/HashKV/build/CMakeFiles/CMakeTmp'


Parsed CXX implicit link information from above output:
  link line regex: [^( *|.*[/\])(ld|CMAKE_LINK_STARTFILE-NOTFOUND|([^/\]+-)?ld|collect2)[^/\]*( |$)]
  ignore line: [Change Dir: /home/tiger/Workspace/HashKV/build/CMakeFiles/CMakeTmp]
  ignore line: []
  ignore line: [Run Build Command:"/usr/bin/make" "cmTC_a14aa/fast"]
  ignore line: [/usr/bin/make -f CMakeFiles/cmTC_a14aa.dir/build.make CMakeFiles/cmTC_a14aa.dir/build]
  ignore line: [make[1]: Entering directory '/home/tiger/Workspace/HashKV/build/CMakeFiles/CMakeTmp']
  ignore line: [Building CXX object CMakeFiles/cmTC_a14aa.dir/CMakeCXXCompilerABI.cpp.o]
  ignore line: [/usr/bin/c++     -o CMakeFiles/cmTC_a14aa.dir/CMakeCXXCompilerABI.cpp.o -c /usr/share/cmake-3.13/Modules/CMakeCXXCompilerABI.cpp]
  ignore line: [Linking CXX executable cmTC_a14aa]
  ignore line: [/usr/bin/cmake -E cmake_link_script CMakeFiles/cmTC_a14aa.dir/link.txt --verbose=1]
  ignore line: [/usr/bin/c++      -v CMakeFiles/cmTC_a14aa.dir/CMakeCXXCompilerABI.cpp.o  -o cmTC_a14aa ]
  ignore line: [Using built-in specs.]
  ignore line: [COLLECT_GCC=/usr/bin/c++]
  ignore line: [COLLECT_LTO_WRAPPER=/usr/lib/gcc/x86_64-linux-gnu/8/lto-wrapper]
  ignore line: [OFFLOAD_TARGET_NAMES=nvptx-none]
  ignore line: [OFFLOAD_TARGET_DEFAULT=1]
  ignore line: [Target: x86_64-linux-gnu]
  ignore line: [Configured with: ../src/configure -v --with-pkgversion='Debian 8.3.0-6' --with-bugurl=file:///usr/share/doc/gcc-8/README.Bugs --enable-languages=c,ada,c++,go,brig,d,fortran,objc,obj-c++ --prefix=/usr --with-gcc-major-version-only --program-suffix=-8 --program-prefix=x86_64-linux-gnu- --enable-shared --enable-linker-build-id --libexecdir=/usr/lib --without-included-gettext --enable-threads=posix --libdir=/usr/lib --enable-nls --enable-bootstrap --enable-clocale=gnu --enable-libstdcxx-debug --enable-libstdcxx-time=yes --with-default-libstdcxx-abi=new --enable-gnu-unique-object --disable-vtable-verify --enable-libmpx --enable-plugin --enable-default-pie --with-system-zlib --with-target-system-zlib --enable-objc-gc=auto --enable-multiarch --disable-werror --with-arch-32=i686 --with-abi=m64 --with-multilib-list=m32,m64,mx32 --enable-multilib --with-tune=generic --enable-offload-targets=nvptx-none --without-cuda-driver --enable-checking=release --build=x86_64-linux-gnu --host=x86_64-linux-gnu --target=x86_64-linux-gnu]
  ignore line: [Thread model: posix]
  ignore line: [gcc version 8.3.0 (Debian 8.3.0-6) ]
  ignore line: [COMPILER_PATH=/usr/lib/gcc/x86_64-linux-gnu/8/:/usr/lib/gcc/x86_64-linux-gnu/8/:/usr/lib/gcc/x86_64-linux-gnu/:/usr/lib/gcc/x86_64-linux-gnu/8/:/usr/lib/gcc/x86_64-linux-gnu/]
  ignore line: [LIBRARY_PATH=/usr/lib/gcc/x86_64-linux-gnu/8/:/usr/lib/gcc/x86_64-linux-gnu/8/../../../x86_64-linux-gnu/:/usr/lib/gcc/x86_64-linux-gnu/8/../../../../lib/:/lib/x86_64-linux-gnu/:/lib/../lib/:/usr/lib/x86_64-linux-gnu/:/usr/lib/../lib/:/usr/lib/gcc/x86_64-linux-gnu/8/../../../:/lib/:/usr/lib/]
  ignore line: [COLLECT_GCC_OPTIONS='-v' '-o' 'cmTC_a14aa' '-shared-libgcc' '-mtune=generic' '-march=x86-64']
  link line: [ /usr/lib/gcc/x86_64-linux-gnu/8/collect2 -plugin /usr/lib/gcc/x86_64-linux-gnu/8/liblto_plugin.so -plugin-opt=/usr/lib/gcc/x86_64-linux-gnu/8/lto-wrapper -plugin-opt=-fresolution=/tmp/ccwabiF2.res -plugin-opt=-pass-through=-lgcc_s -plugin-opt=-pass-through=-lgcc -plugin-opt=-pass-through=-lc -plugin-opt=-pass-through=-lgcc_s -plugin-opt=-pass-through=-lgcc --build-id --eh-frame-hdr -m elf_x86_64 --hash-style=gnu -dynamic-linker /lib64/ld-linux-x86-64.so.2 -pie -o cmTC_a14aa /usr/lib/gcc/x86_64-linux-gnu/8/../../../x86_64-linux-gnu/Scrt1.o /usr/lib/gcc/x86_64-linux-gnu/8/../../../x86_64-linux-gnu/crti.o /usr/lib/gcc/x86_64-linux-gnu/8/crtbeginS.o -L/usr/lib/gcc/x86_64-linux-gnu/8 -L/usr/lib/gcc/x86_64-linux-gnu/8/../../../x86_64-linux-gnu -L/usr/lib/gcc/x86_64-linux-gnu/8/../../../../lib -L/lib/x86_64-linux-gnu -L/lib/../lib -L/usr/lib/x86_64-linux-gnu -L/usr/lib/../lib -L/usr/lib/gcc/x86_64-linux-gnu/8/../../.. CMakeFiles/cmTC_a14aa.dir/CMakeCXXCompilerABI.cpp.o -lstdc++ -lm -lgcc_s -lgcc -lc -lgcc_s -lgcc /usr/lib/gcc/x86_64-linux-gnu/8/crtendS.o /usr/lib/gcc/x86_64-linux-gnu/8/../../../x86_64-linux-gnu/crtn.o]
    arg [/usr/lib/gcc/x86_64-linux-gnu/8/collect2] ==> ignore
    arg [-plugin] ==> ignore
    arg [/usr/lib/gcc/x86_64-linux-gnu/8/liblto_plugin.so] ==> ignore
    arg [-plugin-opt=/usr/lib/gcc/x86_64-linux-gnu/8/lto-wrapper] ==> ignore
    arg [-plugin-opt=-fresolution=/tmp/ccwabiF2.res] ==> ignore
    arg [-plugin-opt=-pass-through=-lgcc_s] ==> ignore
    arg [-plugin-opt=-pass-through=-lgcc] ==> ignore
    arg [-plugin-opt=-pass-through=-lc] ==> ignore
    arg [-plugin-opt=-pass-through=-lgcc_s] ==> ignore
    arg [-plugin-opt=-pass-through=-lgcc] ==> ignore
    arg [--build-id] ==> ignore
    arg [--eh-frame-hdr] ==> ignore
    arg [-m] ==> ignore
    arg [elf_x86_64] ==> ignore
    arg [--hash-style=gnu] ==> ignore
    arg [-dynamic-linker] ==> ignore
    arg [/lib64/ld-linux-x86-64.so.2] ==> ignore
    arg [-pie] ==> ignore
    arg [-o] ==> ignore
    arg [cmTC_a14aa] ==> ignore
    arg [/usr/lib/gcc/x86_64-linux-gnu/8/../../../x86_64-linux-gnu/Scrt1.o] ==> ignore
    arg [/usr/lib/gcc/x86_64-linux-gnu/8/../../../x86_64-linux-gnu/crti.o] ==> ignore
    arg [/usr/lib/gcc/x86_64-linux-gnu/8/crtbeginS.o] ==> ignore
    arg [-L/usr/lib/gcc/x86_64-linux-gnu/8] ==> dir [/usr/lib/gcc/x86_64-linux-gnu/8]
    arg [-L/usr/lib/gcc/x86_64-linux-gnu/8/../../../x86_64-linux-gnu] ==> dir [/usr/lib/gcc/x86_64-linux-gnu/8/../../../x86_64-linux-gnu]
    arg [-L/usr/lib/gcc/x86_64-linux-gnu/8/../../../../lib] ==> dir [/usr/lib/gcc/x86_64-linux-gnu/8/../../../../lib]
    arg [-L/lib/x86_64-linux-gnu] ==> dir [/lib/x86_64-linux-gnu]
    arg [-L/lib/../lib] ==> dir [/lib/../lib]
    arg [-L/usr/lib/x86_64-linux-gnu] ==> dir [/usr/lib/x86_64-linux-gnu]
    arg [-L/usr/lib/../lib] ==> dir [/usr/lib/../lib]
    arg [-L/usr/lib/gcc/x86_64-linux-gnu/8/../../..] ==> dir [/usr/lib/gcc/x86_64-linux-gnu/8/../../..]
    arg [CMakeFiles/cmTC_a14aa.dir/CMakeCXXCompilerABI.cpp.o] ==> ignore
    arg [-lstdc++] ==> lib [stdc++]
    arg [-lm] ==> lib [m]
    arg [-lgcc_s] ==> lib [gcc_s]
    arg [-lgcc] ==> lib [gcc]
    arg [-lc] ==> lib [c]
    arg [-lgcc_s] ==> lib [gcc_s]
    arg [-lgcc] ==> lib [gcc]
    arg [/usr/lib/gcc/x86_64-linux-gnu/8/crtendS.o] ==> ignore
    arg [/usr/lib/gcc/x86_64-linux-gnu/8/../../../x86_64-linux-gnu/crtn.o] ==> ignore
  collapse library dir [/usr/lib/gcc/x86_64-linux-gnu/8] ==> [/usr/lib/gcc/x86_64-linux-gnu/8]
  collapse library dir [/usr/lib/gcc/x86_64-linux-gnu/8/../../../x86_64-linux-gnu] ==> [/usr/lib/x86_64-linux-gnu]
  collapse library dir [/usr/lib/gcc/x86_64-linux-gnu/8/../../../../lib] ==> [/usr/lib]
  collapse library dir [/lib/x86_64-linux-gnu] ==> [/lib/x86_64-linux-gnu]
  collapse library dir [/lib/../lib] ==> [/lib]
  collapse library dir [/usr/lib/x86_64-linux-gnu] ==> [/usr/lib/x86_64-linux-gnu]
  collapse library dir [/usr/lib/../lib] ==> [/usr/lib]
  collapse library dir [/usr/lib/gcc/x86_64-linux-gnu/8/../../..] ==> [/usr/lib]
  implicit libs: [stdc++;m;gcc_s;gcc;c;gcc_s;gcc]
  implicit dirs: [/usr/lib/gcc/x86_64-linux-gnu/8;/usr/lib/x86_64-linux-gnu;/usr/lib;/lib/x86_64-linux-gnu;/lib]
  implicit fwks: []




Detecting CXX [-std=c++2a] compiler features compiled with the following output:
Change Dir: /home/tiger/Workspace/HashKV/build/CMakeFiles/CMakeTmp

Run Build Command:"/usr/bin/make" "cmTC_b45da/fast"
/usr/bin/make -f CMakeFiles/cmTC_b45da.dir/build.make CMakeFiles/cmTC_b45da.dir/build
make[1]: Entering directory '/home/tiger/Workspace/HashKV/build/CMakeFiles/CMakeTmp'
Building CXX object CMakeFiles/cmTC_b45da.dir/feature_tests.cxx.o
/usr/bin/c++    -std=c++2a -o CMakeFiles/cmTC_b45da.dir/feature_tests.cxx.o -c /home/tiger/Workspace/HashKV/build/CMakeFiles/feature_tests.cxx
Linking CXX executable cmTC_b45da
/usr/bin/cmake -E cmake_link_script CMakeFiles/cmTC_b45da.dir/link.txt --verbose=1
/usr/bin/c++       CMakeFiles/cmTC_b45da.dir/feature_tests.cxx.o  -o cmTC_b45da 
make[1]: Leaving directory '/home/tiger/Workspace/HashKV/build/CMakeFiles/CMakeTmp'


    Feature record: CXX_FEATURE:1cxx_aggregate_default_initializers
    Feature record: CXX_FEATURE:1cxx_alias_templates
    Feature record: CXX_FEATURE:1cxx_alignas
    Feature record: CXX_FEATURE:1cxx_alignof
    Feature record: CXX_FEATURE:1cxx_attributes
    Feature record: CXX_FEATURE:1cxx_attribute_deprecated
    Feature record: CXX_FEATURE:1cxx_auto_type
    Feature record: CXX_FEATURE:1cxx_binary_literals
    Feature record: CXX_FEATURE:1cxx_constexpr
    Feature record: CXX_FEATURE:1cxx_contextual_conversions
    Feature record: CXX_FEATURE:1cxx_decltype
    Feature record: CXX_FEATURE:1cxx_decltype_auto
    Feature record: CXX_FEATURE:1cxx_decltype_incomplete_return_types
    Feature record: CXX_FEATURE:1cxx_default_function_template_args
    Feature record: CXX_FEATURE:1cxx_defaulted_functions
    Feature record: CXX_FEATURE:1cxx_defaulted_move_initializers
    Feature record: CXX_FEATURE:1cxx_delegating_constructors
    Feature record: CXX_FEATURE:1cxx_deleted_functions
    Feature record: CXX_FEATURE:1cxx_digit_separators
    Feature record: CXX_FEATURE:1cxx_enum_forward_declarations
    Feature record: CXX_FEATURE:1cxx_explicit_conversions
    Feature record: CXX_FEATURE:1cxx_extended_friend_declarations
    Feature record: CXX_FEATURE:1cxx_extern_templates
    Feature record: CXX_FEATURE:1cxx_final
    Feature record: CXX_FEATURE:1cxx_func_identifier
    Feature record: CXX_FEATURE:1cxx_generalized_initializers
    Feature record: CXX_FEATURE:1cxx_generic_lambdas
    Feature record: CXX_FEATURE:1cxx_inheriting_constructors
    Feature record: CXX_FEATURE:1cxx_inline_namespaces
    Feature record: CXX_FEATURE:1cxx_lambdas
    Feature record: CXX_FEATURE:1cxx_lambda_init_captures
    Feature record: CXX_FEATURE:1cxx_local_type_template_args
    Feature record: CXX_FEATURE:1cxx_long_long_type
    Feature record: CXX_FEATURE:1cxx_noexcept
    Feature record: CXX_FEATURE:1cxx_nonstatic_member_init
    Feature record: CXX_FEATURE:1cxx_nullptr
    Feature record: CXX_FEATURE:1cxx_override
    Feature record: CXX_FEATURE:1cxx_range_for
    Feature record: CXX_FEATURE:1cxx_raw_string_literals
    Feature record: CXX_FEATURE:1cxx_reference_qualified_functions
    Feature record: CXX_FEATURE:1cxx_relaxed_constexpr
    Feature record: CXX_FEATURE:1cxx_return_type_deduction
    Feature record: CXX_FEATURE:1cxx_right_angle_brackets
    Feature record: CXX_FEATURE:1cxx_rvalue_references
    Feature record: CXX_FEATURE:1cxx_sizeof_member
    Feature record: CXX_FEATURE:1cxx_static_assert
    Feature record: CXX_FEATURE:1cxx_strong_enums
    Feature record: CXX_FEATURE:1cxx_template_template_parameters
    Feature record: CXX_FEATURE:1cxx_thread_local
    Feature record: CXX_FEATURE:1cxx_trailing_return_types
    Feature record: CXX_FEATURE:1cxx_unicode_literals
    Feature record: CXX_FEATURE:1cxx_uniform_initialization
    Feature record: CXX_FEATURE:1cxx_unrestricted_unions
    Feature record: CXX_FEATURE:1cxx_user_literals
    Feature record: CXX_FEATURE:1cxx_variable_templates
    Feature record: CXX_FEATURE:1cxx_variadic_macros
    Feature record: CXX_FEATURE:1cxx_variadic_templates


Detecting CXX [-std=c++17] compiler features compiled with the following output:
Change Dir: /home/tiger/Workspace/HashKV/build/CMakeFiles/CMakeTmp

Run Build Command:"/usr/bin/make" "cmTC_a9c6c/fast"
/usr/bin/make -f CMakeFiles/cmTC_a9c6c.dir/build.make CMakeFiles/cmTC_a9c6c.dir/build
make[1]: Entering directory '/home/tiger/Workspace/HashKV/build/CMakeFiles/CMakeTmp'
Building CXX object CMakeFiles/cmTC_a9c6c.dir/feature_tests.cxx.o
/usr/bin/c++    -std=c++17 -o CMakeFiles/cmTC_a9c6c.dir/feature_tests.cxx.o -c /home/tiger/Workspace/HashKV/build/CMakeFiles/feature_tests.cxx
Linking CXX executable cmTC_a9c6c
/usr/bin/cmake -E cmake_link_script CMakeFiles/cmTC_a9c6c.dir/link.txt --verbose=1
/usr/bin/c++       CMakeFiles/cmTC_a9c6c.dir/feature_tests.cxx.o  -o cmTC_a9c6c 
make[1]: Leaving directory '/home/tiger/Workspace/HashKV/build/CMakeFiles/CMakeTmp'


    Feature record: CXX_FEATURE:1cxx_aggregate_default_initializers
    Feature record: CXX_FEATURE:1cxx_alias_templates
    Feature record: CXX_FEATURE:1cxx_alignas
    Feature record: CXX_FEATURE:1cxx_alignof
    Feature record: CXX_FEATURE:1cxx_attributes
    Feature record: CXX_FEATURE:1cxx_attribute_deprecated
    Feature record: CXX_FEATURE:1cxx_auto_type
    Feature record: CXX_FEATURE:1cxx_binary_literals
    Feature record: CXX_FEATURE:1cxx_constexpr
    Feature record: CXX_FEATURE:1cxx_contextual_conversions
    Feature record: CXX_FEATURE:1cxx_decltype
    Feature record: CXX_FEATURE:1cxx_decltype_auto
    Feature record: CXX_FEATURE:1cxx_decltype_incomplete_return_types
    Feature record: CXX_FEATURE:1cxx_default_function_template_args
    Feature record: CXX_FEATURE:1cxx_defaulted_functions
    Feature record: CXX_FEATURE:1cxx_defaulted_move_initializers
    Feature record: CXX_FEATURE:1cxx_delegating_constructors
    Feature record: CXX_FEATURE:1cxx_deleted_functions
    Feature record: CXX_FEATURE:1cxx_digit_separators
    Feature record: CXX_FEATURE:1cxx_enum_forward_declarations
    Feature record: CXX_FEATURE:1cxx_explicit_conversions
    Feature record: CXX_FEATURE:1cxx_extended_friend_declarations
    Feature record: CXX_FEATURE:1cxx_extern_templates
    Feature record: CXX_FEATURE:1cxx_final
    Feature record: CXX_FEATURE:1cxx_func_identifier
    Feature record: CXX_FEATURE:1cxx_generalized_initializers
    Feature record: CXX_FEATURE:1cxx_generic_lambdas
    Feature record: CXX_FEATURE:1cxx_inheriting_constructors
    Feature record: CXX_FEATURE:1cxx_inline_namespaces
    Feature record: CXX_FEATURE:1cxx_lambdas
    Feature record: CXX_FEATURE:1cxx_lambda_init_captures
    Feature record: CXX_FEATURE:1cxx_local_type_template_args
    Feature record: CXX_FEATURE:1cxx_long_long_type
    Feature record: CXX_FEATURE:1cxx_noexcept
    Feature record: CXX_FEATURE:1cxx_nonstatic_member_init
    Feature record: CXX_FEATURE:1cxx_nullptr
    Feature record: CXX_FEATURE:1cxx_override
    Feature record: CXX_FEATURE:1cxx_range_for
    Feature record: CXX_FEATURE:1cxx_raw_string_literals
    Feature record: CXX_FEATURE:1cxx_reference_qualified_functions
    Feature record: CXX_FEATURE:1cxx_relaxed_constexpr
    Feature record: CXX_FEATURE:1cxx_return_type_deduction
    Feature record: CXX_FEATURE:1cxx_right_angle_brackets
    Feature record: CXX_FEATURE:1cxx_rvalue_references
    Feature record: CXX_FEATURE:1cxx_sizeof_member
    Feature record: CXX_FEATURE:1cxx_static_assert
    Feature record: CXX_FEATURE:1cxx_strong_enums
    Feature record: CXX_FEATURE:1cxx_template_template_parameters
    Feature record: CXX_FEATURE:1cxx_thread_local
    Feature record: CXX_FEATURE:1cxx_trailing_return_types
    Feature record: CXX_FEATURE:1cxx_unicode_literals
    Feature record: CXX_FEATURE:1cxx_uniform_initialization
    Feature record: CXX_FEATURE:1cxx_unrestricted_unions
    Feature record: CXX_FEATURE:1cxx_user_literals
    Feature record: CXX_FEATURE:1cxx_variable_templates
    Feature record: CXX_FEATURE:1cxx_variadic_macros
    Feature record: CXX_FEATURE:1cxx_variadic_templates


Detecting CXX [-std=c++14] compiler features compiled with the following output:
Change Dir: /home/tiger/Workspace/HashKV/build/CMakeFiles/CMakeTmp

Run Build Command:"/usr/bin/make" "cmTC_4a967/fast"
/usr/bin/make -f CMakeFiles/cmTC_4a967.dir/build.make CMakeFiles/cmTC_4a967.dir/build
make[1]: Entering directory '/home/tiger/Workspace/HashKV/build/CMakeFiles/CMakeTmp'
Building CXX object CMakeFiles/cmTC_4a967.dir/feature_tests.cxx.o
/usr/bin/c++    -std=c++14 -o CMakeFiles/cmTC_4a967.dir/feature_tests.cxx.o -c /home/tiger/Workspace/HashKV/build/CMakeFiles/feature_tests.cxx
Linking CXX executable cmTC_4a967
/usr/bin/cmake -E cmake_link_script CMakeFiles/cmTC_4a967.dir/link.txt --verbose=1
/usr/bin/c++       CMakeFiles/cmTC_4a967.dir/feature_tests.cxx.o  -o cmTC_4a967 
make[1]: Leaving directory '/home/tiger/Workspace/HashKV/build/CMakeFiles/CMakeTmp'


    Feature record: CXX_FEATURE:1cxx_aggregate_default_initializers
    Feature record: CXX_FEATURE:1cxx_alias_templates
    Feature record: CXX_FEATURE:1cxx_alignas
    Feature record: CXX_FEATURE:1cxx_alignof
    Feature record: CXX_FEATURE:1cxx_attributes
    Feature record: CXX_FEATURE:1cxx_attribute_deprecated
    Feature record: CXX_FEATURE:1cxx_auto_type
    Feature record: CXX_FEATURE:1cxx_binary_literals
    Feature record: CXX_FEATURE:1cxx_constexpr
    Feature record: CXX_FEATURE:1cxx_contextual_conversions
    Feature record: CXX_FEATURE:1cxx_decltype
    Feature record: CXX_FEATURE:1cxx_decltype_auto
    Feature record: CXX_FEATURE:1cxx_decltype_incomplete_return_types
    Feature record: CXX_FEATURE:1cxx_default_function_template_args
    Feature record: CXX_FEATURE:1cxx_defaulted_functions
    Feature record: CXX_FEATURE:1cxx_defaulted_move_initializers
    Feature record: CXX_FEATURE:1cxx_delegating_constructors
    Feature record: CXX_FEATURE:1cxx_deleted_functions
    Feature record: CXX_FEATURE:1cxx_digit_separators
    Feature record: CXX_FEATURE:1cxx_enum_forward_declarations
    Feature record: CXX_FEATURE:1cxx_explicit_conversions
    Feature record: CXX_FEATURE:1cxx_extended_friend_declarations
    Feature record: CXX_FEATURE:1cxx_extern_templates
    Feature record: CXX_FEATURE:1cxx_final
    Feature record: CXX_FEATURE:1cxx_func_identifier
    Feature record: CXX_FEATURE:1cxx_generalized_initializers
    Feature record: CXX_FEATURE:1cxx_generic_lambdas
    Feature record: CXX_FEATURE:1cxx_inheriting_constructors
    Feature record: CXX_FEATURE:1cxx_inline_namespaces
    Feature record: CXX_FEATURE:1cxx_lambdas
    Feature record: CXX_FEATURE:1cxx_lambda_init_captures
    Feature record: CXX_FEATURE:1cxx_local_type_template_args
    Feature record: CXX_FEATURE:1cxx_long_long_type
    Feature record: CXX_FEATURE:1cxx_noexcept
    Feature record: CXX_FEATURE:1cxx_nonstatic_member_init
    Feature record: CXX_FEATURE:1cxx_nullptr
    Feature record: CXX_FEATURE:1cxx_override
    Feature record: CXX_FEATURE:1cxx_range_for
    Feature record: CXX_FEATURE:1cxx_raw_string_literals
    Feature record: CXX_FEATURE:1cxx_reference_qualified_functions
    Feature record: CXX_FEATURE:1cxx_relaxed_constexpr
    Feature record: CXX_FEATURE:1cxx_return_type_deduction
    Feature record: CXX_FEATURE:1cxx_right_angle_brackets
    Feature record: CXX_FEATURE:1cxx_rvalue_references
    Feature record: CXX_FEATURE:1cxx_sizeof_member
    Feature record: CXX_FEATURE:1cxx_static_assert
    Feature record: CXX_FEATURE:1cxx_strong_enums
    Feature record: CXX_FEATURE:1cxx_template_template_parameters
    Feature record: CXX_FEATURE:1cxx_thread_local
    Feature record: CXX_FEATURE:1cxx_trailing_return_types
    Feature record: CXX_FEATURE:1cxx_unicode_literals
    Feature record: CXX_FEATURE:1cxx_uniform_initialization
    Feature record: CXX_FEATURE:1cxx_unrestricted_unions
    Feature record: CXX_FEATURE:1cxx_user_literals
    Feature record: CXX_FEATURE:1cxx_variable_templates
    Feature record: CXX_FEATURE:1cxx_variadic_macros
    Feature record: CXX_FEATURE:1cxx_variadic_templates


Detecting CXX [-std=c++11] compiler features compiled with the following output:
Change Dir: /home/tiger/Workspace/HashKV/build/CMakeFiles/CMakeTmp

Run Build Command:"/usr/bin/make" "cmTC_5826c/fast"
/usr/bin/make -f CMakeFiles/cmTC_5826c.dir/build.make CMakeFiles/cmTC_5826c.dir/build
make[1]: Entering directory '/home/tiger/Workspace/HashKV/build/CMakeFiles/CMakeTmp'
Building CXX object CMakeFiles/cmTC_5826c.dir/feature_tests.cxx.o
/usr/bin/c++    -std=c++11 -o CMakeFiles/cmTC_5826c.dir/feature_tests.cxx.o -c /home/tiger/Workspace/HashKV/build/CMakeFiles/feature_tests.cxx
Linking CXX executable cmTC_5826c
/usr/bin/cmake -E cmake_link_script CMakeFiles/cmTC_5826c.dir/link.txt --verbose=1
/usr/bin/c++       CMakeFiles/cmTC_5826c.dir/feature_tests.cxx.o  -o cmTC_5826c 
make[1]: Leaving directory '/home/tiger/Workspace/HashKV/build/CMakeFiles/CMakeTmp'


    Feature record: CXX_FEATURE:0cxx_aggregate_default_initializers
    Feature record: CXX_FEATURE:1cxx_alias_templates
    Feature record: CXX_FEATURE:1cxx_alignas
    Feature record: CXX_FEATURE:1cxx_alignof
    Feature record: CXX_FEATURE:1cxx_attributes
    Feature record: CXX_FEATURE:0cxx_attribute_deprecated
    Feature record: CXX_FEATURE:1cxx_auto_type
    Feature record: CXX_FEATURE:0cxx_binary_literals
    Feature record: CXX_FEATURE:1cxx_constexpr
    Feature record: CXX_FEATURE:0cxx_contextual_conversions
    Feature record: CXX_FEATURE:1cxx_decltype
    Feature record: CXX_FEATURE:0cxx_decltype_auto
    Feature record: CXX_FEATURE:1cxx_decltype_incomplete_return_types
    Feature record: CXX_FEATURE:1cxx_default_function_template_args
    Feature record: CXX_FEATURE:1cxx_defaulted_functions
    Feature record: CXX_FEATURE:1cxx_defaulted_move_initializers
    Feature record: CXX_FEATURE:1cxx_delegating_constructors
    Feature record: CXX_FEATURE:1cxx_deleted_functions
    Feature record: CXX_FEATURE:0cxx_digit_separators
    Feature record: CXX_FEATURE:1cxx_enum_forward_declarations
    Feature record: CXX_FEATURE:1cxx_explicit_conversions
    Feature record: CXX_FEATURE:1cxx_extended_friend_declarations
    Feature record: CXX_FEATURE:1cxx_extern_templates
    Feature record: CXX_FEATURE:1cxx_final
    Feature record: CXX_FEATURE:1cxx_func_identifier
    Feature record: CXX_FEATURE:1cxx_generalized_initializers
    Feature record: CXX_FEATURE:0cxx_generic_lambdas
    Feature record: CXX_FEATURE:1cxx_inheriting_constructors
    Feature record: CXX_FEATURE:1cxx_inline_namespaces
    Feature record: CXX_FEATURE:1cxx_lambdas
    Feature record: CXX_FEATURE:0cxx_lambda_init_captures
    Feature record: CXX_FEATURE:1cxx_local_type_template_args
    Feature record: CXX_FEATURE:1cxx_long_long_type
    Feature record: CXX_FEATURE:1cxx_noexcept
    Feature record: CXX_FEATURE:1cxx_nonstatic_member_init
    Feature record: CXX_FEATURE:1cxx_nullptr
    Feature record: CXX_FEATURE:1cxx_override
    Feature record: CXX_FEATURE:1cxx_range_for
    Feature record: CXX_FEATURE:1cxx_raw_string_literals
    Feature record: CXX_FEATURE:1cxx_reference_qualified_functions
    Feature record: CXX_FEATURE:0cxx_relaxed_constexpr
    Feature record: CXX_FEATURE:0cxx_return_type_deduction
    Feature record: CXX_FEATURE:1cxx_right_angle_brackets
    Feature record: CXX_FEATURE:1cxx_rvalue_references
    Feature record: CXX_FEATURE:1cxx_sizeof_member
    Feature record: CXX_FEATURE:1cxx_static_assert
    Feature record: CXX_FEATURE:1cxx_strong_enums
    Feature record: CXX_FEATURE:1cxx_template_template_parameters
    Feature record: CXX_FEATURE:1cxx_thread_local
    Feature record: CXX_FEATURE:1cxx_trailing_return_types
    Feature record: CXX_FEATURE:1cxx_unicode_literals
    Feature record: CXX_FEATURE:1cxx_uniform_initialization
    Feature record: CXX_FEATURE:1cxx_unrestricted_unions
    Feature record: CXX_FEATURE:1cxx_user_literals
    Feature record: CXX_FEATURE:0cxx_variable_templates
    Feature record: CXX_FEATURE:1cxx_variadic_macros
    Feature record: CXX_FEATURE:1cxx_variadic_templates


Detecting CXX [-std=c++98] compiler features compiled with the following output:
Change Dir: /home/tiger/Workspace/HashKV/build/CMakeFiles/CMakeTmp

Run Build Command:"/usr/bin/make" "cmTC_d12cf/fast"
/usr/bin/make -f CMakeFiles/cmTC_d12cf.dir/build.make CMakeFiles/cmTC_d12cf.dir/build
make[1]: Entering directory '/home/tiger/Workspace/HashKV/build/CMakeFiles/CMakeTmp'
Building CXX object CMakeFiles/cmTC_d12cf.dir/feature_tests.cxx.o
/usr/bin/c++    -std=c++98 -o CMakeFiles/cmTC_d12cf.dir/feature_tests.cxx.o -c /home/tiger/Workspace/HashKV/build/CMakeFiles/feature_tests.cxx
Linking CXX executable cmTC_d12cf
/usr/bin/cmake -E cmake_link_script CMakeFiles/cmTC_d12cf.dir/link.txt --verbose=1
/usr/bin/c++       CMakeFiles/cmTC_d12cf.dir/feature_tests.cxx.o  -o cmTC_d12cf 
make[1]: Leaving directory '/home/tiger/Workspace/HashKV/build/CMakeFiles/CMakeTmp'


    Feature record: CXX_FEATURE:0cxx_aggregate_default_initializers
    Feature record: CXX_FEATURE:0cxx_alias_templates
    Feature record: CXX_FEATURE:0cxx_alignas
    Feature record: CXX_FEATURE:0cxx_alignof
    Feature record: CXX_FEATURE:0cxx_attributes
    Feature record: CXX_FEATURE:0cxx_attribute_deprecated
    Feature record: CXX_FEATURE:0cxx_auto_type
    Feature record: CXX_FEATURE:0cxx_binary_literals
    Feature record: CXX_FEATURE:0cxx_constexpr
    Feature record: CXX_FEATURE:0cxx_contextual_conversions
    Feature record: CXX_FEATURE:0cxx_decltype
    Feature record: CXX_FEATURE:0cxx_decltype_auto
    Feature record: CXX_FEATURE:0cxx_decltype_incomplete_return_types
    Feature record: CXX_FEATURE:0cxx_default_function_template_args
    Feature record: CXX_FEATURE:0cxx_defaulted_functions
    Feature record: CXX_FEATURE:0cxx_defaulted_move_initializers
    Feature record: CXX_FEATURE:0cxx_delegating_constructors
    Feature record: CXX_FEATURE:0cxx_deleted_functions
    Feature record: CXX_FEATURE:0cxx_digit_separators
    Feature record: CXX_FEATURE:0cxx_enum_forward_declarations
    Feature record: CXX_FEATURE:0cxx_explicit_conversions
    Feature record: CXX_FEATURE:0cxx_extended_friend_declarations
    Feature record: CXX_FEATURE:0cxx_extern_templates
    Feature record: CXX_FEATURE:0cxx_final
    Feature record: CXX_FEATURE:0cxx_func_identifier
    Feature record: CXX_FEATURE:0cxx_generalized_initializers
    Feature record: CXX_FEATURE:0cxx_generic_lambdas
    Feature record: CXX_FEATURE:0cxx_inheriting_constructors
    Feature record: CXX_FEATURE:0cxx_inline_namespaces
    Feature record: CXX_FEATURE:0cxx_lambdas
    Feature record: CXX_FEATURE:0cxx_lambda_init_captures
    Feature record: CXX_FEATURE:0cxx_local_type_template_args
    Feature record: CXX_FEATURE:0cxx_long_long_type
    Feature record: CXX_FEATURE:0cxx_noexcept
    Feature record: CXX_FEATURE:0cxx_nonstatic_member_init
    Feature record: CXX_FEATURE:0cxx_nullptr
    Feature record: CXX_FEATURE:0cxx_override
    Feature record: CXX_FEATURE:0cxx_range_for
    Feature record: CXX_FEATURE:0cxx_raw_string_literals
    Feature record: CXX_FEATURE:0cxx_reference_qualified_functions
    Feature record: CXX_FEATURE:0cxx_relaxed_constexpr
    Feature record: CXX_FEATURE:0cxx_return_type_deduction
    Feature record: CXX_FEATURE:0cxx_right_angle_brackets
    Feature record: CXX_FEATURE:0cxx_rvalue_references
    Feature record: CXX_FEATURE:0cxx_sizeof_member
    Feature record: CXX_FEATURE:0cxx_static_assert
    Feature record: CXX_FEATURE:0cxx_strong_enums
    Feature record: CXX_FEATURE:1cxx_template_template_parameters
    Feature record: CXX_FEATURE:0cxx_thread_local
    Feature record: CXX_FEATURE:0cxx_trailing_return_types
    Feature record: CXX_FEATURE:0cxx_unicode_literals
    Feature record: CXX_FEATURE:0cxx_uniform_initialization
    Feature record: CXX_FEATURE:0cxx_unrestricted_unions
    Feature record: CXX_FEATURE:0cxx_user_literals
    Feature record: CXX_FEATURE:0cxx_variable_templates
    Feature record: CXX_FEATURE:0cxx_variadic_macros
    Feature record: CXX_FEATURE:0cxx_variadic_templates
Determining if the include file unistd.h exists passed with the following output:
Change Dir: /home/tiger/Workspace/HashKV/build/CMakeFiles/CMakeTmp

Run Build Command:"/usr/bin/make" "cmTC_8fb99/fast"
/usr/bin/make -f CMakeFiles/cmTC_8fb99.dir/build.make CMakeFiles/cmTC_8fb99.dir/build
make[1]: Entering directory '/home/tiger/Workspace/HashKV/build/CMakeFiles/CMakeTmp'
Building C object CMakeFiles/cmTC_8fb99.dir/CheckIncludeFile.c.o
/usr/bin/cc   -pipe -std=c99    -std=gnu99 -o CMakeFiles/cmTC_8fb99.dir/CheckIncludeFile.c.o   -c /home/tiger/Workspace/HashKV/build/CMakeFiles/CMakeTmp/CheckIncludeFile.c
Linking C executable cmTC_8fb99
/usr/bin/cmake -E cmake_link_script CMakeFiles/cmTC_8fb99.dir/link.txt --verbose=1
/usr/bin/cc  -pipe -std=c99     CMakeFiles/cmTC_8fb99.dir/CheckIncludeFile.c.o  -o cmTC_8fb99 
make[1]: Leaving directory '/home/tiger/Workspace/HashKV/build/CMakeFiles/CMakeTmp'


Determining if the fdatasync exist passed with the following output:
Change Dir: /home/tiger/Workspace/HashKV/build/CMakeFiles/CMakeTmp

Run Build Command:"/usr/bin/make" "cmTC_16301/fast"
/usr/bin/make -f CMakeFiles/cmTC_16301.dir/build.make CMakeFiles/cmTC_16301.dir/build
make[1]: Entering directory '/home/tiger/Workspace/HashKV/build/CMakeFiles/CMakeTmp'
Building CXX object CMakeFiles/cmTC_16301.dir/CheckSymbolExists.cxx.o
/usr/bin/c++    -pipe -std=c++17    -std=gnu++17 -o CMakeFiles/cmTC_16301.dir/CheckSymbolExists.cxx.o -c /home/tiger/Workspace/HashKV/build/CMakeFiles/CMakeTmp/CheckSymbolExists.cxx
Linking CXX executable cmTC_16301
/usr/bin/cmake -E cmake_link_script CMakeFiles/cmTC_16301.dir/link.txt --verbose=1
/usr/bin/c++   -pipe -std=c++17     CMakeFiles/cmTC_16301.dir/CheckSymbolExists.cxx.o  -o cmTC_16301 
make[1]: Leaving directory '/home/tiger/Workspace/HashKV/build/CMakeFiles/CMakeTmp'

File /home/tiger/Workspace/HashKV/build/CMakeFiles/CMakeTmp/CheckSymbolExists.cxx:
/* */
#include <unistd.h>

int main(int argc, char** argv)
{
  (void)argv;
#ifndef fdatasync
  return ((int*)(&fdatasync))[argc];
#else
  (void)argc;
  return 0;
#endif
}

Determining if the O_CLOEXEC exist passed with the following output:
Change Dir: /home/tiger/Workspace/HashKV/build/CMakeFiles/CMakeTmp

Run Build Command:"/usr/bin/make" "cmTC_50a76/fast"
/usr/bin/make -f CMakeFiles/cmTC_50a76.dir/build.make CMakeFiles/cmTC_50a76.dir/build
make[1]: Entering directory '/home/tiger/Workspace/HashKV/build/CMakeFiles/CMakeTmp'
Building CXX object CMakeFiles/cmTC_50a76.dir/CheckSymbolExists.cxx.o
/usr/bin/c++    -pipe -std=c++17    -std=gnu++17 -o CMakeFiles/cmTC_50a76.dir/CheckSymbolExists.cxx.o -c /home/tiger/Workspace/HashKV/build/CMakeFiles/CMakeTmp/CheckSymbolExists.cxx
Linking CXX executable cmTC_50a76
/usr/bin/cmake -E cmake_link_script CMakeFiles/cmTC_50a76.dir/link.txt --verbose=1
/usr/bin/c++   -pipe -std=c++17     CMakeFiles/cmTC_50a76.dir/CheckSymbolExists.cxx.o  -o cmTC_50a76 
make[1]: Leaving directory '/home/tiger/Workspace/HashKV/build/CMakeFiles/CMakeTmp'

File /home/tiger/Workspace/HashKV/build/CMakeFiles/CMakeTmp/CheckSymbolExists.cxx:
/* */
#include <fcntl.h>

int main(int argc, char** argv)
{
  (void)argv;
#ifndef O_CLOEXEC
  return ((int*)(&O_CLOEXEC))[argc];
#else
  (void)argc;
  return 0;
#endif
}

Performing C++ SOURCE FILE Test LEVELDB_HAVE_NO_MISSING_FIELD_INITIALIZERS succeeded with the following output:
Change Dir: /home/tiger/Workspace/HashKV/build/CMakeFiles/CMakeTmp

Run Build Command:"/usr/bin/make" "cmTC_2eefa/fast"
/usr/bin/make -f CMakeFiles/cmTC_2eefa.dir/build.make CMakeFiles/cmTC_2eefa.dir/build
make[1]: Entering directory '/home/tiger/Workspace/HashKV/build/CMakeFiles/CMakeTmp'
Building CXX object CMakeFiles/cmTC_2eefa.dir/src.cxx.o
/usr/bin/c++    -pipe -std=c++17 -fno-exceptions -fno-rtti -DLEVELDB_HAVE_NO_MISSING_FIELD_INITIALIZERS   -Wno-missing-field-initializers -std=gnu++17 -o CMakeFiles/cmTC_2eefa.dir/src.cxx.o -c /home/tiger/Workspace/HashKV/build/CMakeFiles/CMakeTmp/src.cxx
Linking CXX executable cmTC_2eefa
/usr/bin/cmake -E cmake_link_script CMakeFiles/cmTC_2eefa.dir/link.txt --verbose=1
/usr/bin/c++   -pipe -std=c++17 -fno-exceptions -fno-rtti -DLEVELDB_HAVE_NO_MISSING_FIELD_INITIALIZERS    CMakeFiles/cmTC_2eefa.dir/src.cxx.o  -o cmTC_2eefa 
make[1]: Leaving directory '/home/tiger/Workspace/HashKV/build/CMakeFiles/CMakeTmp'

Source file was:
int main() { return 0; }
Performing C++ SOURCE FILE Test HAVE_CXX17_HAS_INCLUDE succeeded with the following output:
Change Dir: /home/tiger/Workspace/HashKV/build/CMakeFiles/CMakeTmp

Run Build Command:"/usr/bin/make" "cmTC_00798/fast"
/usr/bin/make -f CMakeFiles/cmTC_00798.dir/build.make CMakeFiles/cmTC_00798.dir/build
make[1]: Entering directory '/home/tiger/Workspace/HashKV/build/CMakeFiles/CMakeTmp'
Building CXX object CMakeFiles/cmTC_00798.dir/src.cxx.o
/usr/bin/c++    -pipe -std=c++17 -fno-exceptions -fno-rtti -DHAVE_CXX17_HAS_INCLUDE   -std=gnu++17 -o CMakeFiles/cmTC_00798.dir/src.cxx.o -c /home/tiger/Workspace/HashKV/build/CMakeFiles/CMakeTmp/src.cxx
Linking CXX executable cmTC_00798
/usr/bin/cmake -E cmake_link_script CMakeFiles/cmTC_00798.dir/link.txt --verbose=1
/usr/bin/c++   -pipe -std=c++17 -fno-exceptions -fno-rtti -DHAVE_CXX17_HAS_INCLUDE    CMakeFiles/cmTC_00798.dir/src.cxx.o  -o cmTC_00798 
make[1]: Leaving directory '/home/tiger/Workspace/HashKV/build/CMakeFiles/CMakeTmp'

Source file was:

#if defined(__has_include) &&  __has_include(<string>)
#include <string>
#endif
int main() { std::string str; return 0; }

Determining if the include file pthread.h exists passed with the following output:
Change Dir: /home/tiger/Workspace/HashKV/build/CMakeFiles/CMakeTmp

Run Build Command:"/usr/bin/make" "cmTC_4c2f6/fast"
/usr/bin/make -f CMakeFiles/cmTC_4c2f6.dir/build.make CMakeFiles/cmTC_4c2f6.dir/build
make[1]: Entering directory '/home/tiger/Workspace/HashKV/build/CMakeFiles/CMakeTmp'
Building C object CMakeFiles/cmTC_4c2f6.dir/CheckIncludeFile.c.o
/usr/bin/cc   -pipe -std=c99 -Wstrict-prototypes    -std=gnu99 -o CMakeFiles/cmTC_4c2f6.dir/CheckIncludeFile.c.o   -c /home/tiger/Workspace/HashKV/build/CMakeFiles/CMakeTmp/CheckIncludeFile.c
Linking C executable cmTC_4c2f6
/usr/bin/cmake -E cmake_link_script CMakeFiles/cmTC_4c2f6.dir/link.txt --verbose=1
/usr/bin/cc  -pipe -std=c99 -Wstrict-prototypes     CMakeFiles/cmTC_4c2f6.dir/CheckIncludeFile.c.o  -o cmTC_4c2f6 
make[1]: Leaving directory '/home/tiger/Workspace/HashKV/build/CMakeFiles/CMakeTmp'


Determining if the function shm_open exists in the rt passed with the following output:
Change Dir: /home/tiger/Workspace/HashKV/build/CMakeFiles/CMakeTmp

Run Build Command:"/usr/bin/make" "cmTC_df8c9/fast"
/usr/bin/make -f CMakeFiles/cmTC_df8c9.dir/build.make CMakeFiles/cmTC_df8c9.dir/build
make[1]: Entering directory '/home/tiger/Workspace/HashKV/build/CMakeFiles/CMakeTmp'
Building C object CMakeFiles/cmTC_df8c9.dir/CheckFunctionExists.c.o
/usr/bin/cc   -pipe -std=c99 -Wstrict-prototypes -DCHECK_FUNCTION_EXISTS=shm_open   -std=gnu99 -o CMakeFiles/cmTC_df8c9.dir/CheckFunctionExists.c.o   -c /usr/share/cmake-3.13/Modules/CheckFunctionExists.c
Linking C executable cmTC_df8c9
/usr/bin/cmake -E cmake_link_script CMakeFiles/cmTC_df8c9.dir/link.txt --verbose=1
/usr/bin/cc  -pipe -std=c99 -Wstrict-prototypes -DCHECK_FUNCTION_EXISTS=shm_open    CMakeFiles/cmTC_df8c9.dir/CheckFunctionExists.c.o  -o cmTC_df8c9 -lrt 
make[1]: Leaving directory '/home/tiger/Workspace/HashKV/build/CMakeFiles/CMakeTmp'


Performing C++ SOURCE FILE Test HAVE_CXX_FLAG_WALL succeeded with the following output:
Change Dir: /home/tiger/Workspace/HashKV/build/CMakeFiles/CMakeTmp

Run Build Command:"/usr/bin/make" "cmTC_0dd2a/fast"
/usr/bin/make -f CMakeFiles/cmTC_0dd2a.dir/build.make CMakeFiles/cmTC_0dd2a.dir/build
make[1]: Entering directory '/home/tiger/Workspace/HashKV/build/CMakeFiles/CMakeTmp'
Building CXX object CMakeFiles/cmTC_0dd2a.dir/src.cxx.o
/usr/bin/c++    -pipe -std=c++17 -fno-exceptions -fno-rtti -DHAVE_CXX_FLAG_WALL  -Wall   -Wall -std=c++11 -o CMakeFiles/cmTC_0dd2a.dir/src.cxx.o -c /home/tiger/Workspace/HashKV/build/CMakeFiles/CMakeTmp/src.cxx
Linking CXX executable cmTC_0dd2a
/usr/bin/cmake -E cmake_link_script CMakeFiles/cmTC_0dd2a.dir/link.txt --verbose=1
/usr/bin/c++   -pipe -std=c++17 -fno-exceptions -fno-rtti -DHAVE_CXX_FLAG_WALL  -Wall    CMakeFiles/cmTC_0dd2a.dir/src.cxx.o  -o cmTC_0dd2a 
make[1]: Leaving directory '/home/tiger/Workspace/HashKV/build/CMakeFiles/CMakeTmp'

Source file was:
int main() { return 0; }
Performing C++ SOURCE FILE Test HAVE_CXX_FLAG_WEXTRA succeeded with the following output:
Change Dir: /home/tiger/Workspace/HashKV/build/CMakeFiles/CMakeTmp

Run Build Command:"/usr/bin/make" "cmTC_8599e/fast"
/usr/bin/make -f CMakeFiles/cmTC_8599e.dir/build.make CMakeFiles/cmTC_8599e.dir/build
make[1]: Entering directory '/home/tiger/Workspace/HashKV/build/CMakeFiles/CMakeTmp'
Building CXX object CMakeFiles/cmTC_8599e.dir/src.cxx.o
/usr/bin/c++    -pipe -std=c++17 -fno-exceptions -fno-rtti  -Wall -DHAVE_CXX_FLAG_WEXTRA  -Wextra   -Wextra -std=c++11 -o CMakeFiles/cmTC_8599e.dir/src.cxx.o -c /home/tiger/Workspace/HashKV/build/CMakeFiles/CMakeTmp/src.cxx
Linking CXX executable cmTC_8599e
/usr/bin/cmake -E cmake_link_script CMakeFiles/cmTC_8599e.dir/link.txt --verbose=1
/usr/bin/c++   -pipe -std=c++17 -fno-exceptions -fno-rtti  -Wall -DHAVE_CXX_FLAG_WEXTRA  -Wextra    CMakeFiles/cmTC_8599e.dir/src.cxx.o  -o cmTC_8599e 
make[1]: Leaving directory '/home/tiger/Workspace/HashKV/build/CMakeFiles/CMakeTmp'

Source file was:
int main() { return 0; }
Performing C++ SOURCE FILE Test HAVE_CXX_FLAG_WSHADOW succeeded with the following output:
Change Dir: /home/tiger/Workspace/HashKV/build/CMakeFiles/CMakeTmp

Run Build Command:"/usr/bin/make" "cmTC_dfcf8/fast"
/usr/bin/make -f CMakeFiles/cmTC_dfcf8.dir/build.make CMakeFiles/cmTC_dfcf8.dir/build
make[1]: Entering directory '/home/tiger/Workspace/HashKV/build/CMakeFiles/CMakeTmp'
Building CXX object CMakeFiles/cmTC_dfcf8.dir/src.cxx.o
/usr/bin/c++    -pipe -std=c++17 -fno-exceptions -fno-rtti  -Wall  -Wextra -DHAVE_CXX_FLAG_WSHADOW  -Wshadow   -Wshadow -std=c++11 -o CMakeFiles/cmTC_dfcf8.dir/src.cxx.o -c /home/tiger/Workspace/HashKV/build/CMakeFiles/CMakeTmp/src.cxx
Linking CXX executable cmTC_dfcf8
/usr/bin/cmake -E cmake_link_script CMakeFiles/cmTC_dfcf8.dir/link.txt --verbose=1
/usr/bin/c++   -pipe -std=c++17 -fno-exceptions -fno-rtti  -Wall  -Wextra -DHAVE_CXX_FLAG_WSHADOW  -Wshadow    CMakeFiles/cmTC_dfcf8.dir/src.cxx.o  -o cmTC_dfcf8 
make[1]: Leaving directory '/home/tiger/Workspace/HashKV/build/CMakeFiles/CMakeTmp'

Source file was:
int main() { return 0; }
Performing C++ SOURCE FILE Test HAVE_CXX_FLAG_WFLOAT_EQUAL succeeded with the following output:
Change Dir: /home/tiger/Workspace/HashKV/build/CMakeFiles/CMakeTmp

Run Build Command:"/usr/bin/make" "cmTC_deb37/fast"
/usr/bin/make -f CMakeFiles/cmTC_deb37.dir/build.make CMakeFiles/cmTC_deb37.dir/build
make[1]: Entering directory '/home/tiger/Workspace/HashKV/build/CMakeFiles/CMakeTmp'
Building CXX object CMakeFiles/cmTC_deb37.dir/src.cxx.o
/usr/bin/c++    -pipe -std=c++17 -fno-exceptions -fno-rtti  -Wall  -Wextra  -Wshadow -DHAVE_CXX_FLAG_WFLOAT_EQUAL  -Wfloat-equal   -Wfloat-equal -std=c++11 -o CMakeFiles/cmTC_deb37.dir/src.cxx.o -c /home/tiger/Workspace/HashKV/build/CMakeFiles/CMakeTmp/src.cxx
Linking CXX executable cmTC_deb37
/usr/bin/cmake -E cmake_link_script CMakeFiles/cmTC_deb37.dir/link.txt --verbose=1
/usr/bin/c++   -pipe -std=c++17 -fno-exceptions -fno-rtti  -Wall  -Wextra  -Wshadow -DHAVE_CXX_FLAG_WFLOAT_EQUAL  -Wfloat-equal    CMakeFiles/cmTC_deb37.dir/src.cxx.o  -o cmTC_deb37 
make[1]: Leaving directory '/home/tiger/Workspace/HashKV/build/CMakeFiles/CMakeTmp'

Source file was:
int main() { return 0; }
Performing C++ SOURCE FILE Test HAVE_CXX_FLAG_WERROR succeeded with the following output:
Change Dir: /home/tiger/Workspace/HashKV/build/CMakeFiles/CMakeTmp

Run Build Command:"/usr/bin/make" "cmTC_6e3fc/fast"
/usr/bin/make -f CMakeFiles/cmTC_6e3fc.dir/build.make CMakeFiles/cmTC_6e3fc.dir/build
make[1]: Entering directory '/home/tiger/Workspace/HashKV/build/CMakeFiles/CMakeTmp'
Building CXX object CMakeFiles/cmTC_6e3fc.dir/src.cxx.o
/usr/bin/c++    -pipe -std=c++17 -fno-exceptions -fno-rtti  -Wall  -Wextra  -Wshadow  -Wfloat-equal -DHAVE_CXX_FLAG_WERROR  -Werror   -Werror -std=c++11 -o CMakeFiles/cmTC_6e3fc.dir/src.cxx.o -c /home/tiger/Workspace/HashKV/build/CMakeFiles/CMakeTmp/src.cxx
Linking CXX executable cmTC_6e3fc
/usr/bin/cmake -E cmake_link_script CMakeFiles/cmTC_6e3fc.dir/link.txt --verbose=1
/usr/bin/c++   -pipe -std=c++17 -fno-exceptions -fno-rtti  -Wall  -Wextra  -Wshadow  -Wfloat-equal -DHAVE_CXX_FLAG_WERROR  -Werror    CMakeFiles/cmTC_6e3fc.dir/src.cxx.o  -o cmTC_6e3fc 
make[1]: Leaving directory '/home/tiger/Workspace/HashKV/build/CMakeFiles/CMakeTmp'

Source file was:
int main() { return 0; }
Performing C++ SOURCE FILE Test HAVE_CXX_FLAG_WSUGGEST_OVERRIDE succeeded with the following output:
Change Dir: /home/tiger/Workspace/HashKV/build/CMakeFiles/CMakeTmp

Run Build Command:"/usr/bin/make" "cmTC_0c16d/fast"
/usr/bin/make -f CMakeFiles/cmTC_0c16d.dir/build.make CMakeFiles/cmTC_0c16d.dir/build
make[1]: Entering directory '/home/tiger/Workspace/HashKV/build/CMakeFiles/CMakeTmp'
Building CXX object CMakeFiles/cmTC_0c16d.dir/src.cxx.o
/usr/bin/c++    -pipe -std=c++17 -fno-exceptions -fno-rtti  -Wall  -Wextra  -Wshadow  -Wfloat-equal  -Werror -DHAVE_CXX_FLAG_WSUGGEST_OVERRIDE  -Wsuggest-override   -Wsuggest-override -std=c++11 -o CMakeFiles/cmTC_0c16d.dir/src.cxx.o -c /home/tiger/Workspace/HashKV/build/CMakeFiles/CMakeTmp/src.cxx
Linking CXX executable cmTC_0c16d
/usr/bin/cmake -E cmake_link_script CMakeFiles/cmTC_0c16d.dir/link.txt --verbose=1
/usr/bin/c++   -pipe -std=c++17 -fno-exceptions -fno-rtti  -Wall  -Wextra  -Wshadow  -Wfloat-equal  -Werror -DHAVE_CXX_FLAG_WSUGGEST_OVERRIDE  -Wsuggest-override    CMakeFiles/cmTC_0c16d.dir/src.cxx.o  -o cmTC_0c16d 
make[1]: Leaving directory '/home/tiger/Workspace/HashKV/build/CMakeFiles/CMakeTmp'

Source file was:
int main() { return 0; }
Performing C++ SOURCE FILE Test HAVE_CXX_FLAG_PEDANTIC succeeded with the following output:
Change Dir: /home/tiger/Workspace/HashKV/build/CMakeFiles/CMakeTmp

Run Build Command:"/usr/bin/make" "cmTC_2c542/fast"
/usr/bin/make -f CMakeFiles/cmTC_2c542.dir/build.make CMakeFiles/cmTC_2c542.dir/build
make[1]: Entering directory '/home/tiger/Workspace/HashKV/build/CMakeFiles/CMakeTmp'
Building CXX object CMakeFiles/cmTC_2c542.dir/src.cxx.o
/usr/bin/c++    -pipe -std=c++17 -fno-exceptions -fno-rtti  -Wall  -Wextra  -Wshadow  -Wfloat-equal  -Werror  -Wsuggest-override -DHAVE_CXX_FLAG_PEDANTIC  -pedantic   -pedantic -std=c++11 -o CMakeFiles/cmTC_2c542.dir/src.cxx.o -c /home/tiger/Workspace/HashKV/build/CMakeFiles/CMakeTmp/src.cxx
Linking CXX executable cmTC_2c542
/usr/bin/cmake -E cmake_link_script CMakeFiles/cmTC_2c542.dir/link.txt --verbose=1
/usr/bin/c++   -pipe -std=c++17 -fno-exceptions -fno-rtti  -Wall  -Wextra  -Wshadow  -Wfloat-equal  -Werror  -Wsuggest-override -DHAVE_CXX_FLAG_PEDANTIC  -pedantic    CMakeFiles/cmTC_2c542.dir/src.cxx.o  -o cmTC_2c542 
make[1]: Leaving directory '/home/tiger/Workspace/HashKV/build/CMakeFiles/CMakeTmp'

Source file was:
int main() { return 0; }
Performing C++ SOURCE FILE Test HAVE_CXX_FLAG_PEDANTIC_ERRORS succeeded with the following output:
Change Dir: /home/tiger/Workspace/HashKV/build/CMakeFiles/CMakeTmp

Run Build Command:"/usr/bin/make" "cmTC_3fe2c/fast"
/usr/bin/make -f CMakeFiles/cmTC_3fe2c.dir/build.make CMakeFiles/cmTC_3fe2c.dir/build
make[1]: Entering directory '/home/tiger/Workspace/HashKV/build/CMakeFiles/CMakeTmp'
Building CXX object CMakeFiles/cmTC_3fe2c.dir/src.cxx.o
/usr/bin/c++    -pipe -std=c++17 -fno-exceptions -fno-rtti  -Wall  -Wextra  -Wshadow  -Wfloat-equal  -Werror  -Wsuggest-override  -pedantic -DHAVE_CXX_FLAG_PEDANTIC_ERRORS  -pedantic-errors   -pedantic-errors -std=c++11 -o CMakeFiles/cmTC_3fe2c.dir/src.cxx.o -c /home/tiger/Workspace/HashKV/build/CMakeFiles/CMakeTmp/src.cxx
Linking CXX executable cmTC_3fe2c
/usr/bin/cmake -E cmake_link_script CMakeFiles/cmTC_3fe2c.dir/link.txt --verbose=1
/usr/bin/c++   -pipe -std=c++17 -fno-exceptions -fno-rtti  -Wall  -Wextra  -Wshadow  -Wfloat-equal  -Werror  -Wsuggest-override  -pedantic -DHAVE_CXX_FLAG_PEDANTIC_ERRORS  -pedantic-errors    CMakeFiles/cmTC_3fe2c.dir/src.cxx.o  -o cmTC_3fe2c 
make[1]: Leaving directory '/home/tiger/Workspace/HashKV/build/CMakeFiles/CMakeTmp'

Source file was:
int main() { return 0; }
Performing C++ SOURCE FILE Test HAVE_CXX_FLAG_FSTRICT_ALIASING succeeded with the following output:
Change Dir: /home/tiger/Workspace/HashKV/build/CMakeFiles/CMakeTmp

Run Build Command:"/usr/bin/make" "cmTC_5996c/fast"
/usr/bin/make -f CMakeFiles/cmTC_5996c.dir/build.make CMakeFiles/cmTC_5996c.dir/build
make[1]: Entering directory '/home/tiger/Workspace/HashKV/build/CMakeFiles/CMakeTmp'
Building CXX object CMakeFiles/cmTC_5996c.dir/src.cxx.o
/usr/bin/c++    -pipe -std=c++17 -fno-exceptions -fno-rtti  -Wall  -Wextra  -Wshadow  -Wfloat-equal  -Werror  -Wsuggest-override  -pedantic  -pedantic-errors -DHAVE_CXX_FLAG_FSTRICT_ALIASING  -fstrict-aliasing   -fstrict-aliasing -std=c++11 -o CMakeFiles/cmTC_5996c.dir/src.cxx.o -c /home/tiger/Workspace/HashKV/build/CMakeFiles/CMakeTmp/src.cxx
Linking CXX executable cmTC_5996c
/usr/bin/cmake -E cmake_link_script CMakeFiles/cmTC_5996c.dir/link.txt --verbose=1
/usr/bin/c++   -pipe -std=c++17 -fno-exceptions -fno-rtti  -Wall  -Wextra  -Wshadow  -Wfloat-equal  -Werror  -Wsuggest-override  -pedantic  -pedantic-errors -DHAVE_CXX_FLAG_FSTRICT_ALIASING  -fstrict-aliasing    CMakeFiles/cmTC_5996c.dir/src.cxx.o  -o cmTC_5996c 
make[1]: Leaving directory '/home/tiger/Workspace/HashKV/build/CMakeFiles/CMakeTmp'

Source file was:
int main() { return 0; }
Performing C++ SOURCE FILE Test HAVE_CXX_FLAG_WNO_DEPRECATED_DECLARATIONS succeeded with the following output:
Change Dir: /home/tiger/Workspace/HashKV/build/CMakeFiles/CMakeTmp

Run Build Command:"/usr/bin/make" "cmTC_4b278/fast"
/usr/bin/make -f CMakeFiles/cmTC_4b278.dir/build.make CMakeFiles/cmTC_4b278.dir/build
make[1]: Entering directory '/home/tiger/Workspace/HashKV/build/CMakeFiles/CMakeTmp'
Building CXX object CMakeFiles/cmTC_4b278.dir/src.cxx.o
/usr/bin/c++    -pipe -std=c++17 -fno-exceptions -fno-rtti  -Wall  -Wextra  -Wshadow  -Wfloat-equal  -Werror  -Wsuggest-override  -pedantic  -pedantic-errors  -fstrict-aliasing -DHAVE_CXX_FLAG_WNO_DEPRECATED_DECLARATIONS  -Wno-deprecated-declarations   -Wno-deprecated-declarations -std=c++11 -o CMakeFiles/cmTC_4b278.dir/src.cxx.o -c /home/tiger/Workspace/HashKV/build/CMakeFiles/CMakeTmp/src.cxx
Linking CXX executable cmTC_4b278
/usr/bin/cmake -E cmake_link_script CMakeFiles/cmTC_4b278.dir/link.txt --verbose=1
/usr/bin/c++   -pipe -std=c++17 -fno-exceptions -fno-rtti  -Wall  -Wextra  -Wshadow  -Wfloat-equal  -Werror  -Wsuggest-override  -pedantic  -pedantic-errors  -fstrict-aliasing -DHAVE_CXX_FLAG_WNO_DEPRECATED_DECLARATIONS  -Wno-deprecated-declarations    CMakeFiles/cmTC_4b278.dir/src.cxx.o  -o cmTC_4b278 
make[1]: Leaving directory '/home/tiger/Workspace/HashKV/build/CMakeFiles/CMakeTmp'

Source file was:
int main() { return 0; }
Performing C++ SOURCE FILE Test HAVE_CXX_FLAG_WNO_DEPRECATED succeeded with the following output:
Change Dir: /home/tiger/Workspace/HashKV/build/CMakeFiles/CMakeTmp

Run Build Command:"/usr/bin/make" "cmTC_9f68f/fast"
/usr/bin/make -f CMakeFiles/cmTC_9f68f.dir/build.make CMakeFiles/cmTC_9f68f.dir/build
make[1]: Entering directory '/home/tiger/Workspace/HashKV/build/CMakeFiles/CMakeTmp'
Building CXX object CMakeFiles/cmTC_9f68f.dir/src.cxx.o
/usr/bin/c++    -pipe -std=c++17 -fno-exceptions -fno-rtti  -Wall  -Wextra  -Wshadow  -Wfloat-equal  -Werror  -Wsuggest-override  -pedantic  -pedantic-errors  -fstrict-aliasing  -Wno-deprecated-declarations -DHAVE_CXX_FLAG_WNO_DEPRECATED  -Wno-deprecated   -Wno-deprecated -std=c++11 -o CMakeFiles/cmTC_9f68f.dir/src.cxx.o -c /home/tiger/Workspace/HashKV/build/CMakeFiles/CMakeTmp/src.cxx
Linking CXX executable cmTC_9f68f
/usr/bin/cmake -E cmake_link_script CMakeFiles/cmTC_9f68f.dir/link.txt --verbose=1
/usr/bin/c++   -pipe -std=c++17 -fno-exceptions -fno-rtti  -Wall  -Wextra  -Wshadow  -Wfloat-equal  -Werror  -Wsuggest-override  -pedantic  -pedantic-errors  -fstrict-aliasing  -Wno-deprecated-declarations -DHAVE_CXX_FLAG_WNO_DEPRECATED  -Wno-deprecated    CMakeFiles/cmTC_9f68f.dir/src.cxx.o  -o cmTC_9f68f 
make[1]: Leaving directory '/home/tiger/Workspace/HashKV/build/CMakeFiles/CMakeTmp'

Source file was:
int main() { return 0; }
Performing C++ SOURCE FILE Test HAVE_CXX_FLAG_FNO_EXCEPTIONS succeeded with the following output:
Change Dir: /home/tiger/Workspace/HashKV/build/CMakeFiles/CMakeTmp

Run Build Command:"/usr/bin/make" "cmTC_d4eae/fast"
/usr/bin/make -f CMakeFiles/cmTC_d4eae.dir/build.make CMakeFiles/cmTC_d4eae.dir/build
make[1]: Entering directory '/home/tiger/Workspace/HashKV/build/CMakeFiles/CMakeTmp'
Building CXX object CMakeFiles/cmTC_d4eae.dir/src.cxx.o
/usr/bin/c++    -pipe -std=c++17 -fno-exceptions -fno-rtti  -Wall  -Wextra  -Wshadow  -Wfloat-equal  -Werror  -Wsuggest-override  -pedantic  -pedantic-errors  -fstrict-aliasing  -Wno-deprecated-declarations  -Wno-deprecated -DHAVE_CXX_FLAG_FNO_EXCEPTIONS  -fno-exceptions   -fno-exceptions -std=c++11 -o CMakeFiles/cmTC_d4eae.dir/src.cxx.o -c /home/tiger/Workspace/HashKV/build/CMakeFiles/CMakeTmp/src.cxx
Linking CXX executable cmTC_d4eae
/usr/bin/cmake -E cmake_link_script CMakeFiles/cmTC_d4eae.dir/link.txt --verbose=1
/usr/bin/c++   -pipe -std=c++17 -fno-exceptions -fno-rtti  -Wall  -Wextra  -Wshadow  -Wfloat-equal  -Werror  -Wsuggest-override  -pedantic  -pedantic-errors  -fstrict-aliasing  -Wno-deprecated-declarations  -Wno-deprecated -DHAVE_CXX_FLAG_FNO_EXCEPTIONS  -fno-exceptions    CMakeFiles/cmTC_d4eae.dir/src.cxx.o  -o cmTC_d4eae 
make[1]: Leaving directory '/home/tiger/Workspace/HashKV/build/CMakeFiles/CMakeTmp'

Source file was:
int main() { return 0; }
Performing C++ SOURCE FILE Test HAVE_CXX_FLAG_WSTRICT_ALIASING succeeded with the following output:
Change Dir: /home/tiger/Workspace/HashKV/build/CMakeFiles/CMakeTmp

Run Build Command:"/usr/bin/make" "cmTC_c7d4f/fast"
/usr/bin/make -f CMakeFiles/cmTC_c7d4f.dir/build.make CMakeFiles/cmTC_c7d4f.dir/build
make[1]: Entering directory '/home/tiger/Workspace/HashKV/build/CMakeFiles/CMakeTmp'
Building CXX object CMakeFiles/cmTC_c7d4f.dir/src.cxx.o
/usr/bin/c++    -pipe -std=c++17 -fno-exceptions -fno-rtti  -Wall  -Wextra  -Wshadow  -Wfloat-equal  -Werror  -Wsuggest-override  -pedantic  -pedantic-errors  -fstrict-aliasing  -Wno-deprecated-declarations  -Wno-deprecated  -fno-exceptions -DHAVE_CXX_FLAG_WSTRICT_ALIASING  -Wstrict-aliasing   -Wstrict-aliasing -std=c++11 -o CMakeFiles/cmTC_c7d4f.dir/src.cxx.o -c /home/tiger/Workspace/HashKV/build/CMakeFiles/CMakeTmp/src.cxx
Linking CXX executable cmTC_c7d4f
/usr/bin/cmake -E cmake_link_script CMakeFiles/cmTC_c7d4f.dir/link.txt --verbose=1
/usr/bin/c++   -pipe -std=c++17 -fno-exceptions -fno-rtti  -Wall  -Wextra  -Wshadow  -Wfloat-equal  -Werror  -Wsuggest-override  -pedantic  -pedantic-errors  -fstrict-aliasing  -Wno-deprecated-declarations  -Wno-deprecated  -fno-exceptions -DHAVE_CXX_FLAG_WSTRICT_ALIASING  -Wstrict-aliasing    CMakeFiles/cmTC_c7d4f.dir/src.cxx.o  -o cmTC_c7d4f 
make[1]: Leaving directory '/home/tiger/Workspace/HashKV/build/CMakeFiles/CMakeTmp'

Source file was:
int main() { return 0; }
Performing C++ SOURCE FILE Test HAVE_CXX_FLAG_COVERAGE succeeded with the following output:
Change Dir: /home/tiger/Workspace/HashKV/build/CMakeFiles/CMakeTmp

Run Build Command:"/usr/bin/make" "cmTC_d1516/fast"
/usr/bin/make -f CMakeFiles/cmTC_d1516.dir/build.make CMakeFiles/cmTC_d1516.dir/build
make[1]: Entering directory '/home/tiger/Workspace/HashKV/build/CMakeFiles/CMakeTmp'
Building CXX object CMakeFiles/cmTC_d1516.dir/src.cxx.o
/usr/bin/c++    -pipe -std=c++17 -fno-exceptions -fno-rtti  -Wall  -Wextra  -Wshadow  -Wfloat-equal  -Werror  -Wsuggest-override  -pedantic  -pedantic-errors  -fstrict-aliasing  -Wno-deprecated-declarations  -Wno-deprecated  -fno-exceptions  -Wstrict-aliasing -DHAVE_CXX_FLAG_COVERAGE  --coverage   --coverage -std=c++11 -o CMakeFiles/cmTC_d1516.dir/src.cxx.o -c /home/tiger/Workspace/HashKV/build/CMakeFiles/CMakeTmp/src.cxx
Linking CXX executable cmTC_d1516
/usr/bin/cmake -E cmake_link_script CMakeFiles/cmTC_d1516.dir/link.txt --verbose=1
/usr/bin/c++   -pipe -std=c++17 -fno-exceptions -fno-rtti  -Wall  -Wextra  -Wshadow  -Wfloat-equal  -Werror  -Wsuggest-override  -pedantic  -pedantic-errors  -fstrict-aliasing  -Wno-deprecated-declarations  -Wno-deprecated  -fno-exceptions  -Wstrict-aliasing -DHAVE_CXX_FLAG_COVERAGE  --coverage    CMakeFiles/cmTC_d1516.dir/src.cxx.o  -o cmTC_d1516 
make[1]: Leaving directory '/home/tiger/Workspace/HashKV/build/CMakeFiles/CMakeTmp'

Source file was:
int main() { return 0; }
Determining if the function clock_gettime exists in the rt passed with the following output:
Change Dir: /home/tiger/Workspace/HashKV/build/CMakeFiles/CMakeTmp

Run Build Command:"/usr/bin/make" "cmTC_ef16b/fast"
/usr/bin/make -f CMakeFiles/cmTC_ef16b.dir/build.make CMakeFiles/cmTC_ef16b.dir/build
make[1]: Entering directory '/home/tiger/Workspace/HashKV/build/CMakeFiles/CMakeTmp'
Building C object CMakeFiles/cmTC_ef16b.dir/CheckFunctionExists.c.o
/usr/bin/cc   -Wall -Wno-unknown-pragmas -Wextra -Wshadow -Winit-self -Wmissing-prototypes -D_GNU_SOURCE -DCHECK_FUNCTION_EXISTS=clock_gettime   -o CMakeFiles/cmTC_ef16b.dir/CheckFunctionExists.c.o   -c /usr/share/cmake-3.13/Modules/CheckFunctionExists.c
Linking C executable cmTC_ef16b
/usr/bin/cmake -E cmake_link_script CMakeFiles/cmTC_ef16b.dir/link.txt --verbose=1
/usr/bin/cc -Wall -Wno-unknown-pragmas -Wextra -Wshadow -Winit-self -Wmissing-prototypes -D_GNU_SOURCE -DCHECK_FUNCTION_EXISTS=clock_gettime    -rdynamic CMakeFiles/cmTC_ef16b.dir/CheckFunctionExists.c.o  -o cmTC_ef16b -lrt 
make[1]: Leaving directory '/home/tiger/Workspace/HashKV/build/CMakeFiles/CMakeTmp'


