Determining if the function crc32c_value exists in the crc32c failed with the following output:
Change Dir: /home/tiger/Workspace/HashKV/build/CMakeFiles/CMakeTmp

Run Build Command:"/usr/bin/make" "cmTC_5e3a1/fast"
/usr/bin/make -f CMakeFiles/cmTC_5e3a1.dir/build.make CMakeFiles/cmTC_5e3a1.dir/build
make[1]: Entering directory '/home/tiger/Workspace/HashKV/build/CMakeFiles/CMakeTmp'
Building C object CMakeFiles/cmTC_5e3a1.dir/CheckFunctionExists.c.o
/usr/bin/cc   -pipe -std=c99 -DCHECK_FUNCTION_EXISTS=crc32c_value   -std=gnu99 -o CMakeFiles/cmTC_5e3a1.dir/CheckFunctionExists.c.o   -c /usr/share/cmake-3.13/Modules/CheckFunctionExists.c
Linking C executable cmTC_5e3a1
/usr/bin/cmake -E cmake_link_script CMakeFiles/cmTC_5e3a1.dir/link.txt --verbose=1
/usr/bin/cc  -pipe -std=c99 -DCHECK_FUNCTION_EXISTS=crc32c_value    CMakeFiles/cmTC_5e3a1.dir/CheckFunctionExists.c.o  -o cmTC_5e3a1 -lcrc32c 
/usr/bin/ld: cannot find -lcrc32c
collect2: error: ld returned 1 exit status
make[1]: *** [CMakeFiles/cmTC_5e3a1.dir/build.make:87: cmTC_5e3a1] Error 1
make[1]: Leaving directory '/home/tiger/Workspace/HashKV/build/CMakeFiles/CMakeTmp'
make: *** [Makefile:121: cmTC_5e3a1/fast] Error 2


Determining if the function snappy_compress exists in the snappy failed with the following output:
Change Dir: /home/tiger/Workspace/HashKV/build/CMakeFiles/CMakeTmp

Run Build Command:"/usr/bin/make" "cmTC_72943/fast"
/usr/bin/make -f CMakeFiles/cmTC_72943.dir/build.make CMakeFiles/cmTC_72943.dir/build
make[1]: Entering directory '/home/tiger/Workspace/HashKV/build/CMakeFiles/CMakeTmp'
Building C object CMakeFiles/cmTC_72943.dir/CheckFunctionExists.c.o
/usr/bin/cc   -pipe -std=c99 -DCHECK_FUNCTION_EXISTS=snappy_compress   -std=gnu99 -o CMakeFiles/cmTC_72943.dir/CheckFunctionExists.c.o   -c /usr/share/cmake-3.13/Modules/CheckFunctionExists.c
Linking C executable cmTC_72943
/usr/bin/cmake -E cmake_link_script CMakeFiles/cmTC_72943.dir/link.txt --verbose=1
/usr/bin/cc  -pipe -std=c99 -DCHECK_FUNCTION_EXISTS=snappy_compress    CMakeFiles/cmTC_72943.dir/CheckFunctionExists.c.o  -o cmTC_72943 -lsnappy 
/usr/bin/ld: cannot find -lsnappy
collect2: error: ld returned 1 exit status
make[1]: *** [CMakeFiles/cmTC_72943.dir/build.make:87: cmTC_72943] Error 1
make[1]: Leaving directory '/home/tiger/Workspace/HashKV/build/CMakeFiles/CMakeTmp'
make: *** [Makefile:121: cmTC_72943/fast] Error 2


Determining if the function zstd_compress exists in the zstd failed with the following output:
Change Dir: /home/tiger/Workspace/HashKV/build/CMakeFiles/CMakeTmp

Run Build Command:"/usr/bin/make" "cmTC_b8e1a/fast"
/usr/bin/make -f CMakeFiles/cmTC_b8e1a.dir/build.make CMakeFiles/cmTC_b8e1a.dir/build
make[1]: Entering directory '/home/tiger/Workspace/HashKV/build/CMakeFiles/CMakeTmp'
Building C object CMakeFiles/cmTC_b8e1a.dir/CheckFunctionExists.c.o
/usr/bin/cc   -pipe -std=c99 -DCHECK_FUNCTION_EXISTS=zstd_compress   -std=gnu99 -o CMakeFiles/cmTC_b8e1a.dir/CheckFunctionExists.c.o   -c /usr/share/cmake-3.13/Modules/CheckFunctionExists.c
Linking C executable cmTC_b8e1a
/usr/bin/cmake -E cmake_link_script CMakeFiles/cmTC_b8e1a.dir/link.txt --verbose=1
/usr/bin/cc  -pipe -std=c99 -DCHECK_FUNCTION_EXISTS=zstd_compress    CMakeFiles/cmTC_b8e1a.dir/CheckFunctionExists.c.o  -o cmTC_b8e1a -lzstd 
/usr/bin/ld: cannot find -lzstd
collect2: error: ld returned 1 exit status
make[1]: *** [CMakeFiles/cmTC_b8e1a.dir/build.make:87: cmTC_b8e1a] Error 1
make[1]: Leaving directory '/home/tiger/Workspace/HashKV/build/CMakeFiles/CMakeTmp'
make: *** [Makefile:121: cmTC_b8e1a/fast] Error 2


Determining if the function malloc exists in the tcmalloc failed with the following output:
Change Dir: /home/tiger/Workspace/HashKV/build/CMakeFiles/CMakeTmp

Run Build Command:"/usr/bin/make" "cmTC_69a0c/fast"
/usr/bin/make -f CMakeFiles/cmTC_69a0c.dir/build.make CMakeFiles/cmTC_69a0c.dir/build
make[1]: Entering directory '/home/tiger/Workspace/HashKV/build/CMakeFiles/CMakeTmp'
Building C object CMakeFiles/cmTC_69a0c.dir/CheckFunctionExists.c.o
/usr/bin/cc   -pipe -std=c99 -DCHECK_FUNCTION_EXISTS=malloc   -std=gnu99 -o CMakeFiles/cmTC_69a0c.dir/CheckFunctionExists.c.o   -c /usr/share/cmake-3.13/Modules/CheckFunctionExists.c
<command-line>: warning: conflicting types for built-in function ‘malloc’ [-Wbuiltin-declaration-mismatch]
/usr/share/cmake-3.13/Modules/CheckFunctionExists.c:7:3: note: in expansion of macro ‘CHECK_FUNCTION_EXISTS’
   CHECK_FUNCTION_EXISTS(void);
   ^~~~~~~~~~~~~~~~~~~~~
Linking C executable cmTC_69a0c
/usr/bin/cmake -E cmake_link_script CMakeFiles/cmTC_69a0c.dir/link.txt --verbose=1
/usr/bin/cc  -pipe -std=c99 -DCHECK_FUNCTION_EXISTS=malloc    CMakeFiles/cmTC_69a0c.dir/CheckFunctionExists.c.o  -o cmTC_69a0c -ltcmalloc 
/usr/bin/ld: cannot find -ltcmalloc
collect2: error: ld returned 1 exit status
make[1]: *** [CMakeFiles/cmTC_69a0c.dir/build.make:87: cmTC_69a0c] Error 1
make[1]: Leaving directory '/home/tiger/Workspace/HashKV/build/CMakeFiles/CMakeTmp'
make: *** [Makefile:121: cmTC_69a0c/fast] Error 2


Determining if the F_FULLFSYNC exist failed with the following output:
Change Dir: /home/tiger/Workspace/HashKV/build/CMakeFiles/CMakeTmp

Run Build Command:"/usr/bin/make" "cmTC_5cf94/fast"
/usr/bin/make -f CMakeFiles/cmTC_5cf94.dir/build.make CMakeFiles/cmTC_5cf94.dir/build
make[1]: Entering directory '/home/tiger/Workspace/HashKV/build/CMakeFiles/CMakeTmp'
Building CXX object CMakeFiles/cmTC_5cf94.dir/CheckSymbolExists.cxx.o
/usr/bin/c++    -pipe -std=c++17    -std=gnu++17 -o CMakeFiles/cmTC_5cf94.dir/CheckSymbolExists.cxx.o -c /home/tiger/Workspace/HashKV/build/CMakeFiles/CMakeTmp/CheckSymbolExists.cxx
/home/tiger/Workspace/HashKV/build/CMakeFiles/CMakeTmp/CheckSymbolExists.cxx: In function ‘int main(int, char**)’:
/home/tiger/Workspace/HashKV/build/CMakeFiles/CMakeTmp/CheckSymbolExists.cxx:8:19: error: ‘F_FULLFSYNC’ was not declared in this scope
   return ((int*)(&F_FULLFSYNC))[argc];
                   ^~~~~~~~~~~
/home/tiger/Workspace/HashKV/build/CMakeFiles/CMakeTmp/CheckSymbolExists.cxx:8:19: note: suggested alternative: ‘O_FSYNC’
   return ((int*)(&F_FULLFSYNC))[argc];
                   ^~~~~~~~~~~
                   O_FSYNC
make[1]: *** [CMakeFiles/cmTC_5cf94.dir/build.make:66: CMakeFiles/cmTC_5cf94.dir/CheckSymbolExists.cxx.o] Error 1
make[1]: Leaving directory '/home/tiger/Workspace/HashKV/build/CMakeFiles/CMakeTmp'
make: *** [Makefile:121: cmTC_5cf94/fast] Error 2

File /home/tiger/Workspace/HashKV/build/CMakeFiles/CMakeTmp/CheckSymbolExists.cxx:
/* */
#include <fcntl.h>

int main(int argc, char** argv)
{
  (void)argv;
#ifndef F_FULLFSYNC
  return ((int*)(&F_FULLFSYNC))[argc];
#else
  (void)argc;
  return 0;
#endif
}

Performing C++ SOURCE FILE Test HAVE_CLANG_THREAD_SAFETY failed with the following output:
Change Dir: /home/tiger/Workspace/HashKV/build/CMakeFiles/CMakeTmp

Run Build Command:"/usr/bin/make" "cmTC_98e44/fast"
/usr/bin/make -f CMakeFiles/cmTC_98e44.dir/build.make CMakeFiles/cmTC_98e44.dir/build
make[1]: Entering directory '/home/tiger/Workspace/HashKV/build/CMakeFiles/CMakeTmp'
Building CXX object CMakeFiles/cmTC_98e44.dir/src.cxx.o
/usr/bin/c++    -pipe -std=c++17 -fno-exceptions -fno-rtti -DHAVE_CLANG_THREAD_SAFETY   -Wthread-safety -std=gnu++17 -o CMakeFiles/cmTC_98e44.dir/src.cxx.o -c /home/tiger/Workspace/HashKV/build/CMakeFiles/CMakeTmp/src.cxx
c++: error: unrecognized command line option '-Wthread-safety'; did you mean '-fthread-jumps'?
make[1]: *** [CMakeFiles/cmTC_98e44.dir/build.make:66: CMakeFiles/cmTC_98e44.dir/src.cxx.o] Error 1
make[1]: Leaving directory '/home/tiger/Workspace/HashKV/build/CMakeFiles/CMakeTmp'
make: *** [Makefile:121: cmTC_98e44/fast] Error 2

Source file was:
int main() { return 0; }
Determining if the pthread_create exist failed with the following output:
Change Dir: /home/tiger/Workspace/HashKV/build/CMakeFiles/CMakeTmp

Run Build Command:"/usr/bin/make" "cmTC_81e84/fast"
/usr/bin/make -f CMakeFiles/cmTC_81e84.dir/build.make CMakeFiles/cmTC_81e84.dir/build
make[1]: Entering directory '/home/tiger/Workspace/HashKV/build/CMakeFiles/CMakeTmp'
Building C object CMakeFiles/cmTC_81e84.dir/CheckSymbolExists.c.o
/usr/bin/cc   -pipe -std=c99 -Wstrict-prototypes    -std=gnu99 -o CMakeFiles/cmTC_81e84.dir/CheckSymbolExists.c.o   -c /home/tiger/Workspace/HashKV/build/CMakeFiles/CMakeTmp/CheckSymbolExists.c
Linking C executable cmTC_81e84
/usr/bin/cmake -E cmake_link_script CMakeFiles/cmTC_81e84.dir/link.txt --verbose=1
/usr/bin/cc  -pipe -std=c99 -Wstrict-prototypes     CMakeFiles/cmTC_81e84.dir/CheckSymbolExists.c.o  -o cmTC_81e84 
/usr/bin/ld: CMakeFiles/cmTC_81e84.dir/CheckSymbolExists.c.o: in function `main':
CheckSymbolExists.c:(.text+0x1b): undefined reference to `pthread_create'
collect2: error: ld returned 1 exit status
make[1]: *** [CMakeFiles/cmTC_81e84.dir/build.make:87: cmTC_81e84] Error 1
make[1]: Leaving directory '/home/tiger/Workspace/HashKV/build/CMakeFiles/CMakeTmp'
make: *** [Makefile:121: cmTC_81e84/fast] Error 2

File /home/tiger/Workspace/HashKV/build/CMakeFiles/CMakeTmp/CheckSymbolExists.c:
/* */
#include <pthread.h>

int main(int argc, char** argv)
{
  (void)argv;
#ifndef pthread_create
  return ((int*)(&pthread_create))[argc];
#else
  (void)argc;
  return 0;
#endif
}

Determining if the function sqlite3_open exists in the sqlite3 failed with the following output:
Change Dir: /home/tiger/Workspace/HashKV/build/CMakeFiles/CMakeTmp

Run Build Command:"/usr/bin/make" "cmTC_7f11c/fast"
/usr/bin/make -f CMakeFiles/cmTC_7f11c.dir/build.make CMakeFiles/cmTC_7f11c.dir/build
make[1]: Entering directory '/home/tiger/Workspace/HashKV/build/CMakeFiles/CMakeTmp'
Building C object CMakeFiles/cmTC_7f11c.dir/CheckFunctionExists.c.o
/usr/bin/cc   -pipe -std=c99 -Wstrict-prototypes -DCHECK_FUNCTION_EXISTS=sqlite3_open   -std=gnu99 -o CMakeFiles/cmTC_7f11c.dir/CheckFunctionExists.c.o   -c /usr/share/cmake-3.13/Modules/CheckFunctionExists.c
Linking C executable cmTC_7f11c
/usr/bin/cmake -E cmake_link_script CMakeFiles/cmTC_7f11c.dir/link.txt --verbose=1
/usr/bin/cc  -pipe -std=c99 -Wstrict-prototypes -DCHECK_FUNCTION_EXISTS=sqlite3_open    CMakeFiles/cmTC_7f11c.dir/CheckFunctionExists.c.o  -o cmTC_7f11c -lsqlite3 
/usr/bin/ld: cannot find -lsqlite3
collect2: error: ld returned 1 exit status
make[1]: *** [CMakeFiles/cmTC_7f11c.dir/build.make:87: cmTC_7f11c] Error 1
make[1]: Leaving directory '/home/tiger/Workspace/HashKV/build/CMakeFiles/CMakeTmp'
make: *** [Makefile:121: cmTC_7f11c/fast] Error 2


Performing C++ SOURCE FILE Test HAVE_KYOTOCABINET failed with the following output:
Change Dir: /home/tiger/Workspace/HashKV/build/CMakeFiles/CMakeTmp

Run Build Command:"/usr/bin/make" "cmTC_eb6d1/fast"
/usr/bin/make -f CMakeFiles/cmTC_eb6d1.dir/build.make CMakeFiles/cmTC_eb6d1.dir/build
make[1]: Entering directory '/home/tiger/Workspace/HashKV/build/CMakeFiles/CMakeTmp'
Building CXX object CMakeFiles/cmTC_eb6d1.dir/src.cxx.o
/usr/bin/c++    -pipe -std=c++17 -fno-exceptions -fno-rtti -DHAVE_KYOTOCABINET   -std=gnu++17 -o CMakeFiles/cmTC_eb6d1.dir/src.cxx.o -c /home/tiger/Workspace/HashKV/build/CMakeFiles/CMakeTmp/src.cxx
/home/tiger/Workspace/HashKV/build/CMakeFiles/CMakeTmp/src.cxx:2:10: fatal error: kcpolydb.h: No such file or directory
 #include <kcpolydb.h>
          ^~~~~~~~~~~~
compilation terminated.
make[1]: *** [CMakeFiles/cmTC_eb6d1.dir/build.make:66: CMakeFiles/cmTC_eb6d1.dir/src.cxx.o] Error 1
make[1]: Leaving directory '/home/tiger/Workspace/HashKV/build/CMakeFiles/CMakeTmp'
make: *** [Makefile:121: cmTC_eb6d1/fast] Error 2

Source file was:

#include <kcpolydb.h>

int main() {
  kyotocabinet::TreeDB* db = new kyotocabinet::TreeDB();
  delete db;
  return 0;
}
  
Performing C++ SOURCE FILE Test HAVE_CXX_FLAG_WSHORTEN_64_TO_32 failed with the following output:
Change Dir: /home/tiger/Workspace/HashKV/build/CMakeFiles/CMakeTmp

Run Build Command:"/usr/bin/make" "cmTC_f1fb6/fast"
/usr/bin/make -f CMakeFiles/cmTC_f1fb6.dir/build.make CMakeFiles/cmTC_f1fb6.dir/build
make[1]: Entering directory '/home/tiger/Workspace/HashKV/build/CMakeFiles/CMakeTmp'
Building CXX object CMakeFiles/cmTC_f1fb6.dir/src.cxx.o
/usr/bin/c++    -pipe -std=c++17 -fno-exceptions -fno-rtti  -Wall  -Wextra  -Wshadow  -Wfloat-equal  -Werror  -Wsuggest-override  -pedantic  -pedantic-errors -DHAVE_CXX_FLAG_WSHORTEN_64_TO_32  -Wshorten-64-to-32   -Wshorten-64-to-32 -std=c++11 -o CMakeFiles/cmTC_f1fb6.dir/src.cxx.o -c /home/tiger/Workspace/HashKV/build/CMakeFiles/CMakeTmp/src.cxx
c++: error: unrecognized command line option '-Wshorten-64-to-32'
c++: error: unrecognized command line option '-Wshorten-64-to-32'
make[1]: *** [CMakeFiles/cmTC_f1fb6.dir/build.make:66: CMakeFiles/cmTC_f1fb6.dir/src.cxx.o] Error 1
make[1]: Leaving directory '/home/tiger/Workspace/HashKV/build/CMakeFiles/CMakeTmp'
make: *** [Makefile:121: cmTC_f1fb6/fast] Error 2

Source file was:
int main() { return 0; }
Performing C++ SOURCE FILE Test HAVE_CXX_FLAG_WD654 failed with the following output:
Change Dir: /home/tiger/Workspace/HashKV/build/CMakeFiles/CMakeTmp

Run Build Command:"/usr/bin/make" "cmTC_d24b8/fast"
/usr/bin/make -f CMakeFiles/cmTC_d24b8.dir/build.make CMakeFiles/cmTC_d24b8.dir/build
make[1]: Entering directory '/home/tiger/Workspace/HashKV/build/CMakeFiles/CMakeTmp'
Building CXX object CMakeFiles/cmTC_d24b8.dir/src.cxx.o
/usr/bin/c++    -pipe -std=c++17 -fno-exceptions -fno-rtti  -Wall  -Wextra  -Wshadow  -Wfloat-equal  -Werror  -Wsuggest-override  -pedantic  -pedantic-errors  -fstrict-aliasing  -Wno-deprecated-declarations  -Wno-deprecated  -fno-exceptions  -Wstrict-aliasing -DHAVE_CXX_FLAG_WD654  -wd654   -wd654 -std=c++11 -o CMakeFiles/cmTC_d24b8.dir/src.cxx.o -c /home/tiger/Workspace/HashKV/build/CMakeFiles/CMakeTmp/src.cxx
c++: error: unrecognized command line option '-wd654'
c++: error: unrecognized command line option '-wd654'
make[1]: *** [CMakeFiles/cmTC_d24b8.dir/build.make:66: CMakeFiles/cmTC_d24b8.dir/src.cxx.o] Error 1
make[1]: Leaving directory '/home/tiger/Workspace/HashKV/build/CMakeFiles/CMakeTmp'
make: *** [Makefile:121: cmTC_d24b8/fast] Error 2

Source file was:
int main() { return 0; }
Performing C++ SOURCE FILE Test HAVE_CXX_FLAG_WTHREAD_SAFETY failed with the following output:
Change Dir: /home/tiger/Workspace/HashKV/build/CMakeFiles/CMakeTmp

Run Build Command:"/usr/bin/make" "cmTC_5fb99/fast"
/usr/bin/make -f CMakeFiles/cmTC_5fb99.dir/build.make CMakeFiles/cmTC_5fb99.dir/build
make[1]: Entering directory '/home/tiger/Workspace/HashKV/build/CMakeFiles/CMakeTmp'
Building CXX object CMakeFiles/cmTC_5fb99.dir/src.cxx.o
/usr/bin/c++    -pipe -std=c++17 -fno-exceptions -fno-rtti  -Wall  -Wextra  -Wshadow  -Wfloat-equal  -Werror  -Wsuggest-override  -pedantic  -pedantic-errors  -fstrict-aliasing  -Wno-deprecated-declarations  -Wno-deprecated  -fno-exceptions  -Wstrict-aliasing -DHAVE_CXX_FLAG_WTHREAD_SAFETY  -Wthread-safety   -Wthread-safety -std=c++11 -o CMakeFiles/cmTC_5fb99.dir/src.cxx.o -c /home/tiger/Workspace/HashKV/build/CMakeFiles/CMakeTmp/src.cxx
c++: error: unrecognized command line option '-Wthread-safety'; did you mean '-fthread-jumps'?
c++: error: unrecognized command line option '-Wthread-safety'; did you mean '-fthread-jumps'?
make[1]: *** [CMakeFiles/cmTC_5fb99.dir/build.make:66: CMakeFiles/cmTC_5fb99.dir/src.cxx.o] Error 1
make[1]: Leaving directory '/home/tiger/Workspace/HashKV/build/CMakeFiles/CMakeTmp'
make: *** [Makefile:121: cmTC_5fb99/fast] Error 2

Source file was:
int main() { return 0; }
